  i386-banana-as  Resclink.s -o _R32.o
  i386-banana-gcc -std=c11 -s -Wl,-Map=app32.map -O1  Main.c -Wl,_R32.o -o "D:/Users/Alex/Desktop/Banana/packages/system/32/0001/unpack.exe"
  In file included from Main.c:7:
  miniz.h: In function 'mz_zip_file_read_func':
miniz.h(2890,24): warning G14B797B8: implicit declaration of function 'ftello'; did you mean 'ftell'? [-Wimplicit-function-declaration]
       #define MZ_FTELL64 ftello
                          ^~~~~~
  miniz.h:3256:22: note: in expansion of macro 'MZ_FTELL64'
     mz_int64 cur_ofs = MZ_FTELL64(pZip->m_pState->m_pFile);
                        ^~~~~~~~~~
miniz.h(2891,24): warning G14B797B8: implicit declaration of function 'fseeko'; did you mean 'fseek'? [-Wimplicit-function-declaration]
       #define MZ_FSEEK64 fseeko
                          ^~~~~~
  miniz.h:3257:74: note: in expansion of macro 'MZ_FSEEK64'
     if (((mz_int64)file_ofs < 0) || (((cur_ofs != (mz_int64)file_ofs)) && (MZ_FSEEK64(pZip->m_pState->m_pFile, (mz_int64)file_ofs, SEEK_SET))))
                                                                            ^~~~~~~~~~
  In file included from Main.c:7:
  At top level:
miniz.h(3394,27): warning G9C55A678: always_inline function might not be inlinable [-Wattributes]
   static MZ_FORCEINLINE int mz_zip_reader_filename_compare(const mz_zip_array *pCentral_dir_array, const mz_zip_array *pCentral_dir_offsets, mz_uint l_index, const char *pR, mz_uint r_len)
                             ^~~~~~~~~~~~~~~~~~~~~~~~~~~~~~
miniz.h(3383,31): warning G9C55A678: always_inline function might not be inlinable [-Wattributes]
   static MZ_FORCEINLINE mz_bool mz_zip_reader_string_equal(const char *pA, const char *pB, mz_uint len, mz_uint flags)
                                 ^~~~~~~~~~~~~~~~~~~~~~~~~~
miniz.h(3294,39): warning G9C55A678: always_inline function might not be inlinable [-Wattributes]
   static MZ_FORCEINLINE const mz_uint8 *mz_zip_reader_get_cdh(mz_zip_archive *pZip, mz_uint file_index)
                                         ^~~~~~~~~~~~~~~~~~~~~
miniz.h(3060,31): warning G9C55A678: always_inline function might not be inlinable [-Wattributes]
   static MZ_FORCEINLINE mz_bool mz_zip_reader_filename_less(const mz_zip_array *pCentral_dir_array, const mz_zip_array *pCentral_dir_offsets, mz_uint l_index, mz_uint r_index)
                                 ^~~~~~~~~~~~~~~~~~~~~~~~~~~
miniz.h(2976,31): warning G9C55A678: always_inline function might not be inlinable [-Wattributes]
   static MZ_FORCEINLINE mz_bool mz_zip_array_push_back(mz_zip_archive *pZip, mz_zip_array *pArray, const void *pElements, size_t n)
                                 ^~~~~~~~~~~~~~~~~~~~~~
miniz.h(2971,31): warning G9C55A678: always_inline function might not be inlinable [-Wattributes]
   static MZ_FORCEINLINE mz_bool mz_zip_array_ensure_room(mz_zip_archive *pZip, mz_zip_array *pArray, size_t n)
                                 ^~~~~~~~~~~~~~~~~~~~~~~~
miniz.h(2964,31): warning G9C55A678: always_inline function might not be inlinable [-Wattributes]
   static MZ_FORCEINLINE mz_bool mz_zip_array_resize(mz_zip_archive *pZip, mz_zip_array *pArray, size_t new_size, mz_uint growing)
                                 ^~~~~~~~~~~~~~~~~~~
miniz.h(2958,31): warning G9C55A678: always_inline function might not be inlinable [-Wattributes]
   static MZ_FORCEINLINE mz_bool mz_zip_array_reserve(mz_zip_archive *pZip, mz_zip_array *pArray, size_t new_capacity, mz_uint growing)
                                 ^~~~~~~~~~~~~~~~~~~~
miniz.h(2943,28): warning G9C55A678: always_inline function might not be inlinable [-Wattributes]
   static MZ_FORCEINLINE void mz_zip_array_clear(mz_zip_archive *pZip, mz_zip_array *pArray)
                              ^~~~~~~~~~~~~~~~~~
  In file included from Main.c:7:
miniz.h(2441,28): warning G9C55A678: always_inline function might not be inlinable [-Wattributes]
   static MZ_FORCEINLINE void tdefl_record_match(tdefl_compressor *d, mz_uint match_len, mz_uint match_dist)
                              ^~~~~~~~~~~~~~~~~~
miniz.h(2433,28): warning G9C55A678: always_inline function might not be inlinable [-Wattributes]
   static MZ_FORCEINLINE void tdefl_record_literal(tdefl_compressor *d, mz_uint8 lit)
                              ^~~~~~~~~~~~~~~~~~~~
miniz.h(2231,28): warning G9C55A678: always_inline function might not be inlinable [-Wattributes]
   static MZ_FORCEINLINE void tdefl_find_match(tdefl_compressor *d, mz_uint lookahead_pos, mz_uint max_dist, mz_uint max_match_len, mz_uint *pMatch_dist, mz_uint *pMatch_len)
                              ^~~~~~~~~~~~~~~~
