  i386-banana-g++ -x c++ -c main.cpp -o main.32 -ID:/Users/Alex/Desktop/Banana/kernel -fno-exceptions -fno-rtti
main.cpp(812,26): warning G02AB004A: multi-character character constant [-Wmultichar]
       uint16_t checksumA = 'NI';
                            ^~~~
main.cpp(813,26): warning G02AB004A: multi-character character constant [-Wmultichar]
       uint16_t checksumB = 'ny';
                            ^~~~
main.cpp(814,26): warning G02AB004A: multi-character character constant [-Wmultichar]
       uint16_t checksumC = 'ag';
                            ^~~~
  In file included from D:/Users/Alex/Desktop/Banana/kernel/core/common.hpp:18,
                   from D:/Users/Alex/Desktop/Banana/kernel/core/computer.hpp:6,
                   from main.cpp:12:
D:/Users/Alex/Desktop/Banana/kernel/libk/string.h(28,7): warning G4823F0AC: declaration of 'void strncpy(char*, const char*, size_t)' conflicts with built-in declaration 'char* strncpy(char*, const char*, long unsigned int)' [-Wbuiltin-declaration-mismatch]
    void strncpy(char* _dst, const char* _src, size_t _n);
         ^~~~~~~
D:/Users/Alex/Desktop/Banana/kernel/libk/string.h(36,8): warning G4823F0AC: declaration of 'char* strchr(char*, int)' conflicts with built-in declaration 'char* strchr(const char*, int)' [-Wbuiltin-declaration-mismatch]
    char* strchr(char* str, int ch);
          ^~~~~~
  main.cpp: In function 'void createUser(const char*)':
main.cpp(652,52): warning G77590269: ISO C++ forbids converting a string constant to 'char*' [-Wwrite-strings]
       copytree("C:/Banana/Registry/DefaultUser", path);
                                                      ^
  main.cpp: In function 'void drawBootScreen()':
main.cpp(662,22): warning G77590269: ISO C++ forbids converting a string constant to 'char*' [-Wwrite-strings]
       term->setTitle("");
                        ^
  main.cpp: In function 'void firstRun(bool)':
main.cpp(1484,52): warning G77590269: ISO C++ forbids converting a string constant to 'char*' [-Wwrite-strings]
               " Boot to graphical interface (VESA) " };
                                                      ^
main.cpp(1484,52): warning G77590269: ISO C++ forbids converting a string constant to 'char*' [-Wwrite-strings]
main.cpp(1484,52): warning G77590269: ISO C++ forbids converting a string constant to 'char*' [-Wwrite-strings]
main.cpp(1648,36): warning G77590269: ISO C++ forbids converting a string constant to 'char*' [-Wwrite-strings]
    rmtree("C:/Banana/Registry/System");
                                      ^
main.cpp(1649,34): warning G77590269: ISO C++ forbids converting a string constant to 'char*' [-Wwrite-strings]
    rmtree("C:/Banana/Registry/User");
                                    ^
main.cpp(1652,74): warning G77590269: ISO C++ forbids converting a string constant to 'char*' [-Wwrite-strings]
    copytree("C:/Banana/Registry/DefaultSystem", "C:/Banana/Registry/System");
                                                                            ^
main.cpp(1652,74): warning G77590269: ISO C++ forbids converting a string constant to 'char*' [-Wwrite-strings]
  main.cpp: In function 'void begin(void*)':
main.cpp(1736,94): warning G77590269: ISO C++ forbids converting a string constant to 'char*' [-Wwrite-strings]
       char* argvv[] = { "C:/Banana/System/command.exe", "call", "C:/Banana/System/init.bat", 0 };
                                                                                                ^
main.cpp(1736,94): warning G77590269: ISO C++ forbids converting a string constant to 'char*' [-Wwrite-strings]
main.cpp(1736,94): warning G77590269: ISO C++ forbids converting a string constant to 'char*' [-Wwrite-strings]
  i386-banana-ld -g -T D:/Users/Alex/Desktop/Banana/drivers/dlink.ld -shared -q -o "D:/Users/Alex/Desktop/Banana/packages/system/32/0001/system.dll" main.32 bcrypt.32 -Map=D:/Users/Alex/Desktop/driver32.map
