This file contains any messages produced by compilers while
running configure, to aid debugging if configure makes a mistake.

It was created by newlib configure 3.3.0, which was
generated by GNU Autoconf 2.68.  Invocation command line was

  $ ../../../../newlib-3.3.0/newlib/libc/configure --disable-option-checking --prefix=/usr --with-newlib --enable-multilib --with-cross-host=x86_64-pc-cygwin --enable-newlib-long-time_t --program-transform-name=s&^&i386-banana-& --with-target-subdir=i386-banana --build=x86_64-pc-cygwin --host=i386-banana --target=i386-banana build_alias=x86_64-pc-cygwin host_alias=i386-banana target_alias=i386-banana CC=i386-banana-gcc -B/cygdrive/d/Users/Alex/Desktop/Banana/Libraries/build-newlib/i386-banana/newlib/ -isystem /cygdrive/d/Users/Alex/Desktop/Banana/Libraries/build-newlib/i386-banana/newlib/targ-include -isystem /cygdrive/d/Users/Alex/Desktop/Banana/Libraries/newlib-3.3.0/newlib/libc/include -B/cygdrive/d/Users/Alex/Desktop/Banana/Libraries/build-newlib/i386-banana/libgloss/i386 -L/cygdrive/d/Users/Alex/Desktop/Banana/Libraries/build-newlib/i386-banana/libgloss/libnosys -L/cygdrive/d/Users/Alex/Desktop/Banana/Libraries/newlib-3.3.0/libgloss/i386    CFLAGS=-g -O2 LDFLAGS= CPPFLAGS= CPP=D:/cygwin64/bin/cpp.exe --cache-file=.././config.cache --srcdir=../../../../newlib-3.3.0/newlib/libc

## --------- ##
## Platform. ##
## --------- ##

hostname = DESKTOP-A1OO39D
uname -m = x86_64
uname -r = 3.1.7(0.340/5/3)
uname -s = CYGWIN_NT-10.0
uname -v = 2020-08-22 17:48

/usr/bin/uname -p = unknown
/bin/uname -X     = unknown

/bin/arch              = x86_64
/usr/bin/arch -k       = unknown
/usr/convex/getsysinfo = unknown
/usr/bin/hostinfo      = unknown
/bin/machine           = unknown
/usr/bin/oslevel       = unknown
/bin/universe          = unknown

PATH: /usr/local/bin
PATH: /usr/bin
PATH: /cygdrive/c/Program Files (x86)/Common Files/Intel/Shared Libraries/redist/intel64/compiler
PATH: /cygdrive/c/Program Files (x86)/Common Files/Oracle/Java/javapath
PATH: /cygdrive/c/Windows/system32
PATH: /cygdrive/c/Windows
PATH: /cygdrive/c/Windows/System32/Wbem
PATH: /cygdrive/c/Windows/System32/WindowsPowerShell/v1.0
PATH: /cygdrive/c/Program Files/Intel/WiFi/bin
PATH: /cygdrive/c/Program Files/Common Files/Intel/WirelessCommon
PATH: /cygdrive/c/Program Files (x86)/NVIDIA Corporation/PhysX/Common
PATH: /cygdrive/c/Program Files/dotnet
PATH: /cygdrive/c/Program Files/Microsoft SQL Server/130/Tools/Binn
PATH: /cygdrive/c/WINDOWS/system32
PATH: /cygdrive/c/WINDOWS
PATH: /cygdrive/c/WINDOWS/System32/Wbem
PATH: /cygdrive/c/WINDOWS/System32/WindowsPowerShell/v1.0
PATH: /cygdrive/c/WINDOWS/System32/OpenSSH
PATH: /cygdrive/d/devkitPro/msys2/usr/bin/GET_RID_OF_THIS_LAST_BIT
PATH: /cygdrive/c/Program Files/Microsoft SQL Server/Client SDK/ODBC/170/Tools/Binn
PATH: /cygdrive/c/Program Files (x86)/Streamlink/bin
PATH: /cygdrive/c/Program Files/Git LFS
PATH: /cygdrive/c/Program Files (x86)/Common Files/Propellerhead Software/ReWire
PATH: /cygdrive/c/Program Files/Common Files/Propellerhead Software/ReWire
PATH: /cygdrive/c/PROGRA~1/MASTER~1/Office
PATH: /cygdrive/c/Users/Alex/AppData/Local/Programs/Python/Python38/Scripts
PATH: /cygdrive/c/Users/Alex/AppData/Local/Programs/Python/Python38
PATH: /cygdrive/c/Users/Alex/AppData/Local/Microsoft/WindowsApps
PATH: /cygdrive/d/Users/Alex/Desktop/Toolchain/Output/bin
PATH: /usr/bin
PATH: /
PATH: /cygdrive/c/Users/Alex/AppData/Local/bin/NASM
PATH: /cygdrive/c/Program Files (x86)/Microsoft Visual Studio/Shared/Python36_64
PATH: /cygdrive/d/Programs (x64)/qemu
PATH: /cygdrive/d/Users/Alex/Desktop/Programming/banana-exe/bin/Release
PATH: /cygdrive/d/Programs (x86)/Scratch 2
PATH: /cygdrive/c/Users/Alex/AppData/Local/Programs/Python/Python37-32
PATH: /cygdrive/d/Users/Alex/Downloads/ninja-win
PATH: /cygdrive/c/Users/Alex/.dotnet/tools


## ----------- ##
## Core tests. ##
## ----------- ##

configure:2105: loading cache .././config.cache
configure:2286: checking build system type
configure:2300: result: x86_64-pc-cygwin
configure:2320: checking host system type
configure:2333: result: i386-pc-banana
configure:2369: checking for a BSD-compatible install
configure:2437: result: /usr/bin/install -c
configure:2448: checking whether build environment is sane
configure:2498: result: yes
configure:2547: checking for i386-banana-strip
configure:2574: result: i386-banana-strip
configure:2639: checking for a thread-safe mkdir -p
configure:2678: result: /usr/bin/mkdir -p
configure:2691: checking for gawk
configure:2718: result: gawk
configure:2729: checking whether make sets $(MAKE)
configure:2751: result: yes
configure:2781: checking for style of include used by make
configure:2809: result: GNU
configure:3031: checking for gcc
configure:3058: result: i386-banana-gcc -B/cygdrive/d/Users/Alex/Desktop/Banana/Libraries/build-newlib/i386-banana/newlib/ -isystem /cygdrive/d/Users/Alex/Desktop/Banana/Libraries/build-newlib/i386-banana/newlib/targ-include -isystem /cygdrive/d/Users/Alex/Desktop/Banana/Libraries/newlib-3.3.0/newlib/libc/include -B/cygdrive/d/Users/Alex/Desktop/Banana/Libraries/build-newlib/i386-banana/libgloss/i386 -L/cygdrive/d/Users/Alex/Desktop/Banana/Libraries/build-newlib/i386-banana/libgloss/libnosys -L/cygdrive/d/Users/Alex/Desktop/Banana/Libraries/newlib-3.3.0/libgloss/i386   
configure:3069: checking dependency style of i386-banana-gcc -B/cygdrive/d/Users/Alex/Desktop/Banana/Libraries/build-newlib/i386-banana/newlib/ -isystem /cygdrive/d/Users/Alex/Desktop/Banana/Libraries/build-newlib/i386-banana/newlib/targ-include -isystem /cygdrive/d/Users/Alex/Desktop/Banana/Libraries/newlib-3.3.0/newlib/libc/include -B/cygdrive/d/Users/Alex/Desktop/Banana/Libraries/build-newlib/i386-banana/libgloss/i386 -L/cygdrive/d/Users/Alex/Desktop/Banana/Libraries/build-newlib/i386-banana/libgloss/libnosys -L/cygdrive/d/Users/Alex/Desktop/Banana/Libraries/newlib-3.3.0/libgloss/i386   
configure:3180: result: gcc3
configure:3253: checking whether we are using GNU C
configure:3274: result: yes
configure:3283: checking whether i386-banana-gcc -B/cygdrive/d/Users/Alex/Desktop/Banana/Libraries/build-newlib/i386-banana/newlib/ -isystem /cygdrive/d/Users/Alex/Desktop/Banana/Libraries/build-newlib/i386-banana/newlib/targ-include -isystem /cygdrive/d/Users/Alex/Desktop/Banana/Libraries/newlib-3.3.0/newlib/libc/include -B/cygdrive/d/Users/Alex/Desktop/Banana/Libraries/build-newlib/i386-banana/libgloss/i386 -L/cygdrive/d/Users/Alex/Desktop/Banana/Libraries/build-newlib/i386-banana/libgloss/libnosys -L/cygdrive/d/Users/Alex/Desktop/Banana/Libraries/newlib-3.3.0/libgloss/i386    accepts -g
configure:3344: result: no
configure:3377: checking for i386-banana-as
configure:3404: result: i386-banana-as
configure:3469: checking for i386-banana-ar
configure:3496: result: i386-banana-ar
configure:3561: checking for i386-banana-ranlib
configure:3588: result: i386-banana-ranlib
configure:3653: checking for i386-banana-readelf
configure:3680: result: i386-banana-readelf
configure:3749: checking whether to enable maintainer-specific portions of Makefiles
configure:3758: result: no
configure:3881: checking for a sed that does not truncate output
configure:3945: result: /usr/bin/sed
configure:3967: checking how to print strings
configure:3994: result: printf
configure:12088: checking Checking long double support
configure:12112: result: yes
configure:12394: creating ./config.status

## ---------------------- ##
## Running config.status. ##
## ---------------------- ##

This file was extended by newlib config.status 3.3.0, which was
generated by GNU Autoconf 2.68.  Invocation command line was

  CONFIG_FILES    = 
  CONFIG_HEADERS  = 
  CONFIG_LINKS    = 
  CONFIG_COMMANDS = 
  $ ./config.status 

on DESKTOP-A1OO39D

config.status:1098: creating Makefile
config.status:1098: creating argz/Makefile
config.status:1098: creating ctype/Makefile
config.status:1098: creating errno/Makefile
config.status:1098: creating locale/Makefile
config.status:1098: creating misc/Makefile
config.status:1098: creating reent/Makefile
config.status:1098: creating search/Makefile
config.status:1098: creating stdio/Makefile
config.status:1098: creating stdio64/Makefile
config.status:1098: creating stdlib/Makefile
config.status:1098: creating string/Makefile
config.status:1098: creating time/Makefile
config.status:1098: creating posix/Makefile
config.status:1098: creating signal/Makefile
config.status:1098: creating syscalls/Makefile
config.status:1098: creating unix/Makefile
config.status:1098: creating iconv/Makefile
config.status:1098: creating iconv/ces/Makefile
config.status:1098: creating iconv/ccs/Makefile
config.status:1098: creating iconv/ccs/binary/Makefile
config.status:1098: creating iconv/lib/Makefile
config.status:1098: creating ssp/Makefile
config.status:1098: creating xdr/Makefile
config.status:1255: executing depfiles commands
configure:14536: === configuring in machine (/cygdrive/d/Users/Alex/Desktop/Banana/Libraries/build-newlib/i386-banana/newlib/libc/machine)
configure:14599: running /bin/sh ../../../../../newlib-3.3.0/newlib/libc/machine/configure --disable-option-checking '--prefix=/usr'  '--with-newlib' '--enable-multilib' '--with-cross-host=x86_64-pc-cygwin' '--enable-newlib-long-time_t' '--program-transform-name=s&^&i386-banana-&' '--with-target-subdir=i386-banana' '--build=x86_64-pc-cygwin' '--host=i386-banana' '--target=i386-banana' 'build_alias=x86_64-pc-cygwin' 'host_alias=i386-banana' 'target_alias=i386-banana' 'CC=i386-banana-gcc -B/cygdrive/d/Users/Alex/Desktop/Banana/Libraries/build-newlib/i386-banana/newlib/ -isystem /cygdrive/d/Users/Alex/Desktop/Banana/Libraries/build-newlib/i386-banana/newlib/targ-include -isystem /cygdrive/d/Users/Alex/Desktop/Banana/Libraries/newlib-3.3.0/newlib/libc/include -B/cygdrive/d/Users/Alex/Desktop/Banana/Libraries/build-newlib/i386-banana/libgloss/i386 -L/cygdrive/d/Users/Alex/Desktop/Banana/Libraries/build-newlib/i386-banana/libgloss/libnosys -L/cygdrive/d/Users/Alex/Desktop/Banana/Libraries/newlib-3.3.0/libgloss/i386   ' 'CFLAGS=-g -O2' 'LDFLAGS=' 'CPPFLAGS=' 'CPP=D:/cygwin64/bin/cpp.exe' --cache-file=../.././config.cache --srcdir=../../../../../newlib-3.3.0/newlib/libc/machine
configure:14536: === configuring in sys (/cygdrive/d/Users/Alex/Desktop/Banana/Libraries/build-newlib/i386-banana/newlib/libc/sys)
configure:14599: running /bin/sh ../../../../../newlib-3.3.0/newlib/libc/sys/configure --disable-option-checking '--prefix=/usr'  '--with-newlib' '--enable-multilib' '--with-cross-host=x86_64-pc-cygwin' '--enable-newlib-long-time_t' '--program-transform-name=s&^&i386-banana-&' '--with-target-subdir=i386-banana' '--build=x86_64-pc-cygwin' '--host=i386-banana' '--target=i386-banana' 'build_alias=x86_64-pc-cygwin' 'host_alias=i386-banana' 'target_alias=i386-banana' 'CC=i386-banana-gcc -B/cygdrive/d/Users/Alex/Desktop/Banana/Libraries/build-newlib/i386-banana/newlib/ -isystem /cygdrive/d/Users/Alex/Desktop/Banana/Libraries/build-newlib/i386-banana/newlib/targ-include -isystem /cygdrive/d/Users/Alex/Desktop/Banana/Libraries/newlib-3.3.0/newlib/libc/include -B/cygdrive/d/Users/Alex/Desktop/Banana/Libraries/build-newlib/i386-banana/libgloss/i386 -L/cygdrive/d/Users/Alex/Desktop/Banana/Libraries/build-newlib/i386-banana/libgloss/libnosys -L/cygdrive/d/Users/Alex/Desktop/Banana/Libraries/newlib-3.3.0/libgloss/i386   ' 'CFLAGS=-g -O2' 'LDFLAGS=' 'CPPFLAGS=' 'CPP=D:/cygwin64/bin/cpp.exe' --cache-file=../.././config.cache --srcdir=../../../../../newlib-3.3.0/newlib/libc/sys

## ---------------- ##
## Cache variables. ##
## ---------------- ##

ac_cv_build=x86_64-pc-cygwin
ac_cv_c_compiler_gnu=yes
ac_cv_env_CCASFLAGS_set=
ac_cv_env_CCASFLAGS_value=
ac_cv_env_CCAS_set=
ac_cv_env_CCAS_value=
ac_cv_env_CC_set=set
ac_cv_env_CC_value='i386-banana-gcc -B/cygdrive/d/Users/Alex/Desktop/Banana/Libraries/build-newlib/i386-banana/newlib/ -isystem /cygdrive/d/Users/Alex/Desktop/Banana/Libraries/build-newlib/i386-banana/newlib/targ-include -isystem /cygdrive/d/Users/Alex/Desktop/Banana/Libraries/newlib-3.3.0/newlib/libc/include -B/cygdrive/d/Users/Alex/Desktop/Banana/Libraries/build-newlib/i386-banana/libgloss/i386 -L/cygdrive/d/Users/Alex/Desktop/Banana/Libraries/build-newlib/i386-banana/libgloss/libnosys -L/cygdrive/d/Users/Alex/Desktop/Banana/Libraries/newlib-3.3.0/libgloss/i386   '
ac_cv_env_CFLAGS_set=set
ac_cv_env_CFLAGS_value='-g -O2'
ac_cv_env_CPPFLAGS_set=set
ac_cv_env_CPPFLAGS_value=
ac_cv_env_CPP_set=set
ac_cv_env_CPP_value=D:/cygwin64/bin/cpp.exe
ac_cv_env_LDFLAGS_set=set
ac_cv_env_LDFLAGS_value=
ac_cv_env_LIBS_set=
ac_cv_env_LIBS_value=
ac_cv_env_build_alias_set=set
ac_cv_env_build_alias_value=x86_64-pc-cygwin
ac_cv_env_host_alias_set=set
ac_cv_env_host_alias_value=i386-banana
ac_cv_env_target_alias_set=set
ac_cv_env_target_alias_value=i386-banana
ac_cv_host=i386-pc-banana
ac_cv_path_SED=/usr/bin/sed
ac_cv_path_mkdir=/usr/bin/mkdir
ac_cv_prog_AR=i386-banana-ar
ac_cv_prog_AS=i386-banana-as
ac_cv_prog_AWK=gawk
ac_cv_prog_CC='i386-banana-gcc -B/cygdrive/d/Users/Alex/Desktop/Banana/Libraries/build-newlib/i386-banana/newlib/ -isystem /cygdrive/d/Users/Alex/Desktop/Banana/Libraries/build-newlib/i386-banana/newlib/targ-include -isystem /cygdrive/d/Users/Alex/Desktop/Banana/Libraries/newlib-3.3.0/newlib/libc/include -B/cygdrive/d/Users/Alex/Desktop/Banana/Libraries/build-newlib/i386-banana/libgloss/i386 -L/cygdrive/d/Users/Alex/Desktop/Banana/Libraries/build-newlib/i386-banana/libgloss/libnosys -L/cygdrive/d/Users/Alex/Desktop/Banana/Libraries/newlib-3.3.0/libgloss/i386   '
ac_cv_prog_RANLIB=i386-banana-ranlib
ac_cv_prog_READELF=i386-banana-readelf
ac_cv_prog_STRIP=i386-banana-strip
ac_cv_prog_cc_g=no
ac_cv_prog_make_make_set=yes
acnewlib_cv_type_long_double=yes
am_cv_CC_dependencies_compiler_type=gcc3
libc_cv_cc_loop_to_function=yes
libc_cv_initfinit_array=yes
newlib_cv_ldbl_eq_dbl=no

## ----------------- ##
## Output variables. ##
## ----------------- ##

ACLOCAL='${SHELL} /cygdrive/d/Users/Alex/Desktop/Banana/Libraries/newlib-3.3.0/missing --run aclocal-1.11'
AMDEPBACKSLASH='\'
AMDEP_FALSE='#'
AMDEP_TRUE=''
AMTAR='$${TAR-tar}'
AR='i386-banana-ar'
AS='i386-banana-as'
AUTOCONF='${SHELL} /cygdrive/d/Users/Alex/Desktop/Banana/Libraries/newlib-3.3.0/missing --run autoconf'
AUTOHEADER='${SHELL} /cygdrive/d/Users/Alex/Desktop/Banana/Libraries/newlib-3.3.0/missing --run autoheader'
AUTOMAKE='${SHELL} /cygdrive/d/Users/Alex/Desktop/Banana/Libraries/newlib-3.3.0/missing --run automake-1.11'
AWK='gawk'
CC='i386-banana-gcc -B/cygdrive/d/Users/Alex/Desktop/Banana/Libraries/build-newlib/i386-banana/newlib/ -isystem /cygdrive/d/Users/Alex/Desktop/Banana/Libraries/build-newlib/i386-banana/newlib/targ-include -isystem /cygdrive/d/Users/Alex/Desktop/Banana/Libraries/newlib-3.3.0/newlib/libc/include -B/cygdrive/d/Users/Alex/Desktop/Banana/Libraries/build-newlib/i386-banana/libgloss/i386 -L/cygdrive/d/Users/Alex/Desktop/Banana/Libraries/build-newlib/i386-banana/libgloss/libnosys -L/cygdrive/d/Users/Alex/Desktop/Banana/Libraries/newlib-3.3.0/libgloss/i386   '
CCAS='i386-banana-gcc -B/cygdrive/d/Users/Alex/Desktop/Banana/Libraries/build-newlib/i386-banana/newlib/ -isystem /cygdrive/d/Users/Alex/Desktop/Banana/Libraries/build-newlib/i386-banana/newlib/targ-include -isystem /cygdrive/d/Users/Alex/Desktop/Banana/Libraries/newlib-3.3.0/newlib/libc/include -B/cygdrive/d/Users/Alex/Desktop/Banana/Libraries/build-newlib/i386-banana/libgloss/i386 -L/cygdrive/d/Users/Alex/Desktop/Banana/Libraries/build-newlib/i386-banana/libgloss/libnosys -L/cygdrive/d/Users/Alex/Desktop/Banana/Libraries/newlib-3.3.0/libgloss/i386   '
CCASFLAGS='-g -O2'
CCDEPMODE='depmode=gcc3'
CFLAGS='-g -O2'
CPP='D:/cygwin64/bin/cpp.exe'
CPPFLAGS=''
CRT0='crt0.o'
CYGPATH_W='cygpath -w'
DEFS='-DPACKAGE_NAME=\"newlib\" -DPACKAGE_TARNAME=\"newlib\" -DPACKAGE_VERSION=\"3.3.0\" -DPACKAGE_STRING=\"newlib\ 3.3.0\" -DPACKAGE_BUGREPORT=\"\" -DPACKAGE_URL=\"\"'
DEPDIR='.deps'
DLLTOOL='i386-banana-dlltool'
DSYMUTIL=''
DUMPBIN=''
ECHO_C=''
ECHO_N='-n'
ECHO_T=''
EGREP=''
ELIX_LEVEL_0_FALSE='#'
ELIX_LEVEL_0_TRUE=''
ELIX_LEVEL_1_FALSE=''
ELIX_LEVEL_1_TRUE='#'
ELIX_LEVEL_2_FALSE=''
ELIX_LEVEL_2_TRUE='#'
ELIX_LEVEL_3_FALSE=''
ELIX_LEVEL_3_TRUE='#'
ELIX_LEVEL_4_FALSE=''
ELIX_LEVEL_4_TRUE='#'
ENABLE_NEWLIB_ICONV_FALSE=''
ENABLE_NEWLIB_ICONV_TRUE='#'
EXEEXT=''
FGREP=''
GREP=''
HAVE_LONG_DOUBLE_FALSE='#'
HAVE_LONG_DOUBLE_TRUE=''
HAVE_POSIX_DIR_FALSE=''
HAVE_POSIX_DIR_TRUE='#'
HAVE_SIGNAL_DIR_FALSE='#'
HAVE_SIGNAL_DIR_TRUE=''
HAVE_STDIO64_DIR_FALSE=''
HAVE_STDIO64_DIR_TRUE='#'
HAVE_STDIO_DIR_FALSE='#'
HAVE_STDIO_DIR_TRUE=''
HAVE_SYSCALL_DIR_FALSE=''
HAVE_SYSCALL_DIR_TRUE='#'
HAVE_UNIX_DIR_FALSE=''
HAVE_UNIX_DIR_TRUE='#'
HAVE_XDR_DIR_FALSE=''
HAVE_XDR_DIR_TRUE='#'
INSTALL_DATA='/usr/bin/install -c -m 644'
INSTALL_PROGRAM='/usr/bin/install -c'
INSTALL_SCRIPT='/usr/bin/install -c'
INSTALL_STRIP_PROGRAM='$(install_sh) -c -s'
LD='i386-banana-ld'
LDFLAGS=''
LIBC_EXTRA_DEF=''
LIBC_EXTRA_LIB=''
LIBC_MACHINE_LIB='machine/lib.a'
LIBC_POSIX_DEF=''
LIBC_POSIX_LIB=''
LIBC_SIGNAL_DEF='signal/stmp-def'
LIBC_SIGNAL_LIB='signal/lib.a'
LIBC_STDIO64_DEF=''
LIBC_STDIO64_LIB=''
LIBC_STDIO_DEF='stdio/stmp-def'
LIBC_STDIO_LIB='stdio/lib.a'
LIBC_SYSCALL_LIB=''
LIBC_SYS_LIB='sys/lib.a'
LIBC_UNIX_LIB=''
LIBC_XDR_DEF=''
LIBC_XDR_LIB=''
LIBOBJS=''
LIBS=''
LIBTOOL=''
LIPO='i386-banana-lipo'
LN_S=''
LTLIBOBJS=''
MAINT='#'
MAINTAINER_MODE_FALSE=''
MAINTAINER_MODE_TRUE='#'
MAKEINFO='makeinfo --split-size=5000000'
MAY_SUPPLY_SYSCALLS_FALSE='#'
MAY_SUPPLY_SYSCALLS_TRUE=''
MKDIR_P='/usr/bin/mkdir -p'
NEWLIB_CFLAGS='-DSIGNAL_PROVIDED -fno-builtin -DMISSING_SYSCALL_NAMES -DHAVE_INIT_FINI'
NEWLIB_NANO_FORMATTED_IO_FALSE=''
NEWLIB_NANO_FORMATTED_IO_TRUE='#'
NEWLIB_NANO_MALLOC_FALSE=''
NEWLIB_NANO_MALLOC_TRUE='#'
NEWLIB_RETARGETABLE_LOCKING_FALSE=''
NEWLIB_RETARGETABLE_LOCKING_TRUE='#'
NM='i386-banana-nm'
NMEDIT=''
NO_INCLUDE_LIST=' rpc/types.h rpc/xdr.h'
OBJDUMP='i386-banana-objdump'
OBJEXT='o'
OTOOL64=''
OTOOL=''
PACKAGE='newlib'
PACKAGE_BUGREPORT=''
PACKAGE_NAME='newlib'
PACKAGE_STRING='newlib 3.3.0'
PACKAGE_TARNAME='newlib'
PACKAGE_URL=''
PACKAGE_VERSION='3.3.0'
PATH_SEPARATOR=':'
RANLIB='i386-banana-ranlib'
READELF='i386-banana-readelf'
SED='/usr/bin/sed'
SET_MAKE=''
SHELL='/bin/sh'
STRIP='i386-banana-strip'
USE_LIBTOOL_FALSE=''
USE_LIBTOOL_TRUE='#'
VERSION='3.3.0'
ac_ct_CC=''
ac_ct_DUMPBIN=''
aext='a'
am__EXEEXT_FALSE=''
am__EXEEXT_TRUE='#'
am__fastdepCC_FALSE='#'
am__fastdepCC_TRUE=''
am__include='include'
am__isrc=' -I$(srcdir)'
am__leading_dot='.'
am__nodep='_no'
am__quote=''
am__tar='$${TAR-tar} chof - "$$tardir"'
am__untar='$${TAR-tar} xf -'
bindir='${exec_prefix}/bin'
build='x86_64-pc-cygwin'
build_alias='x86_64-pc-cygwin'
build_cpu='x86_64'
build_os='cygwin'
build_vendor='pc'
datadir='${datarootdir}'
datarootdir='${prefix}/share'
docdir='${datarootdir}/doc/${PACKAGE_TARNAME}'
dvidir='${docdir}'
exec_prefix='${prefix}'
extra_dir=''
host='i386-pc-banana'
host_alias='i386-banana'
host_cpu='i386'
host_os='banana'
host_vendor='pc'
htmldir='${docdir}'
includedir='${prefix}/include'
infodir='${datarootdir}/info'
install_sh='${SHELL} /cygdrive/d/Users/Alex/Desktop/Banana/Libraries/newlib-3.3.0/install-sh'
libdir='${exec_prefix}/lib'
libexecdir='${exec_prefix}/libexec'
libm_machine_dir='i386'
localedir='${datarootdir}/locale'
localstatedir='${prefix}/var'
lpfx='lib_a-'
machine_dir='i386'
mandir='${datarootdir}/man'
mkdir_p='/usr/bin/mkdir -p'
newlib_basedir='../../../../newlib-3.3.0/newlib/libc/..'
oext='o'
oldincludedir='/usr/include'
pdfdir='${docdir}'
prefix='/usr'
program_transform_name='s&^&i386-banana-&'
psdir='${docdir}'
sbindir='${exec_prefix}/sbin'
sharedstatedir='${prefix}/com'
subdirs=' machine sys'
sys_dir='banana'
sysconfdir='${prefix}/etc'
target_alias='i386-banana'

## ----------- ##
## confdefs.h. ##
## ----------- ##

/* confdefs.h */
#define PACKAGE_NAME "newlib"
#define PACKAGE_TARNAME "newlib"
#define PACKAGE_VERSION "3.3.0"
#define PACKAGE_STRING "newlib 3.3.0"
#define PACKAGE_BUGREPORT ""
#define PACKAGE_URL ""

configure: exit 0
