This file contains any messages produced by compilers while
running configure, to aid debugging if configure makes a mistake.

It was created by configure, which was
generated by GNU Autoconf 2.68.  Invocation command line was

  $ ../../../../newlib-3.3.0/libgloss/libnosys/configure --disable-option-checking --prefix=/usr --with-newlib --with-cross-host=x86_64-pc-cygwin --enable-newlib-long-time_t --disable-multilib --program-transform-name=s&^&i386-banana-& --with-target-subdir=i386-banana --build=x86_64-pc-cygwin --host=i386-banana --target=i386-banana build_alias=x86_64-pc-cygwin host_alias=i386-banana target_alias=i386-banana --cache-file=.././config.cache --srcdir=../../../../newlib-3.3.0/libgloss/libnosys

## --------- ##
## Platform. ##
## --------- ##

hostname = DESKTOP-A1OO39D
uname -m = x86_64
uname -r = 3.1.2(0.340/5/3)
uname -s = CYGWIN_NT-10.0
uname -v = 2019-12-21 15:25

/usr/bin/uname -p = unknown
/bin/uname -X     = unknown

/bin/arch              = x86_64
/usr/bin/arch -k       = unknown
/usr/convex/getsysinfo = unknown
/usr/bin/hostinfo      = unknown
/bin/machine           = unknown
/usr/bin/oslevel       = unknown
/bin/universe          = unknown

PATH: /cygdrive/c/Program Files (x86)/Common Files/Oracle/Java/javapath
PATH: /cygdrive/c/Windows/system32
PATH: /cygdrive/c/Windows
PATH: /cygdrive/c/Windows/System32/Wbem
PATH: /cygdrive/c/Windows/System32/WindowsPowerShell/v1.0
PATH: /cygdrive/c/Program Files/Intel/WiFi/bin
PATH: /cygdrive/c/Program Files/Common Files/Intel/WirelessCommon
PATH: /cygdrive/c/Program Files (x86)/NVIDIA Corporation/PhysX/Common
PATH: /cygdrive/c/Program Files/dotnet
PATH: /cygdrive/c/Program Files/Microsoft SQL Server/130/Tools/Binn
PATH: /cygdrive/c/WINDOWS/system32
PATH: /cygdrive/c/WINDOWS
PATH: /cygdrive/c/WINDOWS/System32/Wbem
PATH: /cygdrive/c/WINDOWS/System32/WindowsPowerShell/v1.0
PATH: /cygdrive/c/WINDOWS/System32/OpenSSH
PATH: /cygdrive/d/devkitPro/msys2/usr/bin/GET_RID_OF_THIS_LAST_BIT
PATH: /cygdrive/c/Program Files/Microsoft SQL Server/Client SDK/ODBC/170/Tools/Binn
PATH: /cygdrive/c/Program Files (x86)/Streamlink/bin
PATH: /cygdrive/c/Users/Alex/AppData/Local/Programs/Python/Python38/Scripts
PATH: /cygdrive/c/Users/Alex/AppData/Local/Programs/Python/Python38
PATH: /cygdrive/c/Users/Alex/AppData/Local/Microsoft/WindowsApps
PATH: /cygdrive/d/Users/Alex/Desktop/Toolchain/Output/bin
PATH: /usr/bin
PATH: /
PATH: /cygdrive/c/Users/Alex/AppData/Local/bin/NASM
PATH: /cygdrive/c/Program Files (x86)/Microsoft Visual Studio/Shared/Python36_64
PATH: /cygdrive/d/Programs (x64)/qemu
PATH: /cygdrive/d/Users/Alex/Desktop/Programming/banana-exe/bin/Release
PATH: /cygdrive/d/Programs (x86)/Scratch 2
PATH: /cygdrive/c/Users/Alex/AppData/Local/Programs/Python/Python37-32


## ----------- ##
## Core tests. ##
## ----------- ##

configure:1670: creating cache .././config.cache
configure:1793: checking build system type
configure:1807: result: x86_64-pc-cygwin
configure:1827: checking host system type
configure:1840: result: i386-pc-banana
configure:1860: checking target system type
configure:1873: result: i386-pc-banana
configure:1925: checking for a BSD-compatible install
configure:1993: result: /usr/bin/install -c
configure:2150: checking for symbol prefix
configure:2160: i386-banana-gcc -B/cygdrive/d/Users/Alex/Desktop/Banana/libraries/build-newlib/i386-banana/newlib/ -isystem /cygdrive/d/Users/Alex/Desktop/Banana/libraries/build-newlib/i386-banana/newlib/targ-include -isystem /cygdrive/d/Users/Alex/Desktop/Banana/libraries/newlib-3.3.0/newlib/libc/include -B/cygdrive/d/Users/Alex/Desktop/Banana/libraries/build-newlib/i386-banana/libgloss/i386 -L/cygdrive/d/Users/Alex/Desktop/Banana/libraries/build-newlib/i386-banana/libgloss/libnosys -L/cygdrive/d/Users/Alex/Desktop/Banana/libraries/newlib-3.3.0/libgloss/i386    -S conftest.c -o - | fgrep $foo > /dev/null
conftest.c:1:1: warning: return type defaults to 'int' [-Wimplicit-int]
 foo () { }
 ^~~
configure:2163: $? = 1
configure:2169: i386-banana-gcc -B/cygdrive/d/Users/Alex/Desktop/Banana/libraries/build-newlib/i386-banana/newlib/ -isystem /cygdrive/d/Users/Alex/Desktop/Banana/libraries/build-newlib/i386-banana/newlib/targ-include -isystem /cygdrive/d/Users/Alex/Desktop/Banana/libraries/newlib-3.3.0/newlib/libc/include -B/cygdrive/d/Users/Alex/Desktop/Banana/libraries/build-newlib/i386-banana/libgloss/i386 -L/cygdrive/d/Users/Alex/Desktop/Banana/libraries/build-newlib/i386-banana/libgloss/libnosys -L/cygdrive/d/Users/Alex/Desktop/Banana/libraries/newlib-3.3.0/libgloss/i386    -S conftest.c -o - | fgrep _foo > /dev/null
conftest.c:1:1: warning: return type defaults to 'int' [-Wimplicit-int]
 foo () { }
 ^~~
configure:2172: $? = 1
configure:2180: result: none
configure:2213: checking for style of include used by make
configure:2241: result: GNU
configure:2268: checking for gcc
configure:2295: result: i386-banana-gcc -B/cygdrive/d/Users/Alex/Desktop/Banana/libraries/build-newlib/i386-banana/newlib/ -isystem /cygdrive/d/Users/Alex/Desktop/Banana/libraries/build-newlib/i386-banana/newlib/targ-include -isystem /cygdrive/d/Users/Alex/Desktop/Banana/libraries/newlib-3.3.0/newlib/libc/include -B/cygdrive/d/Users/Alex/Desktop/Banana/libraries/build-newlib/i386-banana/libgloss/i386 -L/cygdrive/d/Users/Alex/Desktop/Banana/libraries/build-newlib/i386-banana/libgloss/libnosys -L/cygdrive/d/Users/Alex/Desktop/Banana/libraries/newlib-3.3.0/libgloss/i386   
configure:2306: checking dependency style of i386-banana-gcc -B/cygdrive/d/Users/Alex/Desktop/Banana/libraries/build-newlib/i386-banana/newlib/ -isystem /cygdrive/d/Users/Alex/Desktop/Banana/libraries/build-newlib/i386-banana/newlib/targ-include -isystem /cygdrive/d/Users/Alex/Desktop/Banana/libraries/newlib-3.3.0/newlib/libc/include -B/cygdrive/d/Users/Alex/Desktop/Banana/libraries/build-newlib/i386-banana/libgloss/i386 -L/cygdrive/d/Users/Alex/Desktop/Banana/libraries/build-newlib/i386-banana/libgloss/libnosys -L/cygdrive/d/Users/Alex/Desktop/Banana/libraries/newlib-3.3.0/libgloss/i386   
configure:2396: result: gcc3
configure:2471: checking whether we are using GNU C
configure:2482: i386-banana-gcc -B/cygdrive/d/Users/Alex/Desktop/Banana/libraries/build-newlib/i386-banana/newlib/ -isystem /cygdrive/d/Users/Alex/Desktop/Banana/libraries/build-newlib/i386-banana/newlib/targ-include -isystem /cygdrive/d/Users/Alex/Desktop/Banana/libraries/newlib-3.3.0/newlib/libc/include -B/cygdrive/d/Users/Alex/Desktop/Banana/libraries/build-newlib/i386-banana/libgloss/i386 -L/cygdrive/d/Users/Alex/Desktop/Banana/libraries/build-newlib/i386-banana/libgloss/libnosys -L/cygdrive/d/Users/Alex/Desktop/Banana/libraries/newlib-3.3.0/libgloss/i386    -E conftest.c
configure:2485: $? = 0
configure:2492: result: yes
configure:2502: checking whether i386-banana-gcc -B/cygdrive/d/Users/Alex/Desktop/Banana/libraries/build-newlib/i386-banana/newlib/ -isystem /cygdrive/d/Users/Alex/Desktop/Banana/libraries/build-newlib/i386-banana/newlib/targ-include -isystem /cygdrive/d/Users/Alex/Desktop/Banana/libraries/newlib-3.3.0/newlib/libc/include -B/cygdrive/d/Users/Alex/Desktop/Banana/libraries/build-newlib/i386-banana/libgloss/i386 -L/cygdrive/d/Users/Alex/Desktop/Banana/libraries/build-newlib/i386-banana/libgloss/libnosys -L/cygdrive/d/Users/Alex/Desktop/Banana/libraries/newlib-3.3.0/libgloss/i386    accepts -g
configure:2522: i386-banana-gcc -B/cygdrive/d/Users/Alex/Desktop/Banana/libraries/build-newlib/i386-banana/newlib/ -isystem /cygdrive/d/Users/Alex/Desktop/Banana/libraries/build-newlib/i386-banana/newlib/targ-include -isystem /cygdrive/d/Users/Alex/Desktop/Banana/libraries/newlib-3.3.0/newlib/libc/include -B/cygdrive/d/Users/Alex/Desktop/Banana/libraries/build-newlib/i386-banana/libgloss/i386 -L/cygdrive/d/Users/Alex/Desktop/Banana/libraries/build-newlib/i386-banana/libgloss/libnosys -L/cygdrive/d/Users/Alex/Desktop/Banana/libraries/newlib-3.3.0/libgloss/i386    -c -g  conftest.c >&5
configure:2522: $? = 0
configure: failed program was:
| /* confdefs.h */
| #define PACKAGE_NAME ""
| #define PACKAGE_TARNAME ""
| #define PACKAGE_VERSION ""
| #define PACKAGE_STRING ""
| #define PACKAGE_BUGREPORT ""
| #define PACKAGE_URL ""
| #define HAVE_GNU_LD 1
| #define MISSING_SYSCALL_NAMES 1
| #define __SYMBOL_PREFIX ""
| /* end confdefs.h.  */
| 
| int
| main ()
| {
| 
|   ;
|   return 0;
| }
configure:2537: i386-banana-gcc -B/cygdrive/d/Users/Alex/Desktop/Banana/libraries/build-newlib/i386-banana/newlib/ -isystem /cygdrive/d/Users/Alex/Desktop/Banana/libraries/build-newlib/i386-banana/newlib/targ-include -isystem /cygdrive/d/Users/Alex/Desktop/Banana/libraries/newlib-3.3.0/newlib/libc/include -B/cygdrive/d/Users/Alex/Desktop/Banana/libraries/build-newlib/i386-banana/libgloss/i386 -L/cygdrive/d/Users/Alex/Desktop/Banana/libraries/build-newlib/i386-banana/libgloss/libnosys -L/cygdrive/d/Users/Alex/Desktop/Banana/libraries/newlib-3.3.0/libgloss/i386    -c   conftest.c >&5
configure:2537: $? = 0
configure: failed program was:
| /* confdefs.h */
| #define PACKAGE_NAME ""
| #define PACKAGE_TARNAME ""
| #define PACKAGE_VERSION ""
| #define PACKAGE_STRING ""
| #define PACKAGE_BUGREPORT ""
| #define PACKAGE_URL ""
| #define HAVE_GNU_LD 1
| #define MISSING_SYSCALL_NAMES 1
| #define __SYMBOL_PREFIX ""
| /* end confdefs.h.  */
| 
| int
| main ()
| {
| 
|   ;
|   return 0;
| }
configure:2553: i386-banana-gcc -B/cygdrive/d/Users/Alex/Desktop/Banana/libraries/build-newlib/i386-banana/newlib/ -isystem /cygdrive/d/Users/Alex/Desktop/Banana/libraries/build-newlib/i386-banana/newlib/targ-include -isystem /cygdrive/d/Users/Alex/Desktop/Banana/libraries/newlib-3.3.0/newlib/libc/include -B/cygdrive/d/Users/Alex/Desktop/Banana/libraries/build-newlib/i386-banana/libgloss/i386 -L/cygdrive/d/Users/Alex/Desktop/Banana/libraries/build-newlib/i386-banana/libgloss/libnosys -L/cygdrive/d/Users/Alex/Desktop/Banana/libraries/newlib-3.3.0/libgloss/i386    -c -g  conftest.c >&5
configure:2553: $? = 0
configure: failed program was:
| /* confdefs.h */
| #define PACKAGE_NAME ""
| #define PACKAGE_TARNAME ""
| #define PACKAGE_VERSION ""
| #define PACKAGE_STRING ""
| #define PACKAGE_BUGREPORT ""
| #define PACKAGE_URL ""
| #define HAVE_GNU_LD 1
| #define MISSING_SYSCALL_NAMES 1
| #define __SYMBOL_PREFIX ""
| /* end confdefs.h.  */
| 
| int
| main ()
| {
| 
|   ;
|   return 0;
| }
configure:2563: result: no
configure:2601: checking for i386-banana-ranlib
configure:2628: result: i386-banana-ranlib
configure:2771: updating cache .././config.cache
configure:2828: creating ./config.status

## ---------------------- ##
## Running config.status. ##
## ---------------------- ##

This file was extended by config.status, which was
generated by GNU Autoconf 2.68.  Invocation command line was

  CONFIG_FILES    = 
  CONFIG_HEADERS  = 
  CONFIG_LINKS    = 
  CONFIG_COMMANDS = 
  $ ./config.status 

on DESKTOP-A1OO39D

config.status:876: creating Makefile
config.status:876: creating config.h
config.status:1055: executing depfiles commands

## ---------------- ##
## Cache variables. ##
## ---------------- ##

ac_cv_build=x86_64-pc-cygwin
ac_cv_c_compiler_gnu=yes
ac_cv_env_build_alias_set=set
ac_cv_env_build_alias_value=x86_64-pc-cygwin
ac_cv_env_CCAS_set=
ac_cv_env_CCAS_value=
ac_cv_env_CCASFLAGS_set=
ac_cv_env_CCASFLAGS_value=
ac_cv_env_host_alias_set=set
ac_cv_env_host_alias_value=i386-banana
ac_cv_env_target_alias_set=set
ac_cv_env_target_alias_value=i386-banana
ac_cv_host=i386-pc-banana
ac_cv_prog_cc_g=no
ac_cv_prog_CC='i386-banana-gcc -B/cygdrive/d/Users/Alex/Desktop/Banana/libraries/build-newlib/i386-banana/newlib/ -isystem /cygdrive/d/Users/Alex/Desktop/Banana/libraries/build-newlib/i386-banana/newlib/targ-include -isystem /cygdrive/d/Users/Alex/Desktop/Banana/libraries/newlib-3.3.0/newlib/libc/include -B/cygdrive/d/Users/Alex/Desktop/Banana/libraries/build-newlib/i386-banana/libgloss/i386 -L/cygdrive/d/Users/Alex/Desktop/Banana/libraries/build-newlib/i386-banana/libgloss/libnosys -L/cygdrive/d/Users/Alex/Desktop/Banana/libraries/newlib-3.3.0/libgloss/i386   '
ac_cv_prog_RANLIB=i386-banana-ranlib
ac_cv_target=i386-pc-banana
am_cv_CC_dependencies_compiler_type=gcc3
libc_cv_symbol_prefix=none

## ----------------- ##
## Output variables. ##
## ----------------- ##

am__fastdepCC_FALSE='#'
am__fastdepCC_TRUE=''
am__include='include'
am__leading_dot='.'
am__quote=''
AMDEP_FALSE='#'
AMDEP_TRUE=''
AMDEPBACKSLASH='\'
AR='i386-banana-ar'
AS='i386-banana-as'
bindir='${exec_prefix}/bin'
build_alias='x86_64-pc-cygwin'
build_cpu='x86_64'
build_os='cygwin'
build_vendor='pc'
build='x86_64-pc-cygwin'
CC='i386-banana-gcc -B/cygdrive/d/Users/Alex/Desktop/Banana/libraries/build-newlib/i386-banana/newlib/ -isystem /cygdrive/d/Users/Alex/Desktop/Banana/libraries/build-newlib/i386-banana/newlib/targ-include -isystem /cygdrive/d/Users/Alex/Desktop/Banana/libraries/newlib-3.3.0/newlib/libc/include -B/cygdrive/d/Users/Alex/Desktop/Banana/libraries/build-newlib/i386-banana/libgloss/i386 -L/cygdrive/d/Users/Alex/Desktop/Banana/libraries/build-newlib/i386-banana/libgloss/libnosys -L/cygdrive/d/Users/Alex/Desktop/Banana/libraries/newlib-3.3.0/libgloss/i386   '
CCAS='i386-banana-gcc -B/cygdrive/d/Users/Alex/Desktop/Banana/libraries/build-newlib/i386-banana/newlib/ -isystem /cygdrive/d/Users/Alex/Desktop/Banana/libraries/build-newlib/i386-banana/newlib/targ-include -isystem /cygdrive/d/Users/Alex/Desktop/Banana/libraries/newlib-3.3.0/newlib/libc/include -B/cygdrive/d/Users/Alex/Desktop/Banana/libraries/build-newlib/i386-banana/libgloss/i386 -L/cygdrive/d/Users/Alex/Desktop/Banana/libraries/build-newlib/i386-banana/libgloss/libnosys -L/cygdrive/d/Users/Alex/Desktop/Banana/libraries/newlib-3.3.0/libgloss/i386   '
CCASFLAGS=''
CCDEPMODE='depmode=gcc3'
datadir='${datarootdir}'
datarootdir='${prefix}/share'
DEFS='-DHAVE_CONFIG_H'
DEPDIR='.deps'
docdir='${datarootdir}/doc/${PACKAGE}'
dvidir='${docdir}'
ECHO_C=''
ECHO_N='-n'
ECHO_T=''
exec_prefix='${prefix}'
host_alias='i386-banana'
host_cpu='i386'
host_makefile_frag_path='../../../../newlib-3.3.0/libgloss/libnosys/../config/default.mh'
host_os='banana'
host_vendor='pc'
host='i386-pc-banana'
htmldir='${docdir}'
includedir='${prefix}/include'
infodir='${datarootdir}/info'
INSTALL_DATA='/usr/bin/install -c -m 644'
INSTALL_PROGRAM='/usr/bin/install -c'
INSTALL_SCRIPT='/usr/bin/install -c'
LD='i386-banana-ld'
libdir='${exec_prefix}/lib'
libexecdir='${exec_prefix}/libexec'
LIBOBJS=''
LIBS=''
localedir='${datarootdir}/locale'
localstatedir='${prefix}/var'
LTLIBOBJS=''
mandir='${datarootdir}/man'
oldincludedir='/usr/include'
PACKAGE_BUGREPORT=''
PACKAGE_NAME=''
PACKAGE_STRING=''
PACKAGE_TARNAME=''
PACKAGE_URL=''
PACKAGE_VERSION=''
PATH_SEPARATOR=':'
pdfdir='${docdir}'
prefix='/usr'
program_transform_name='s&^&i386-banana-&'
psdir='${docdir}'
RANLIB='i386-banana-ranlib'
sbindir='${exec_prefix}/sbin'
sharedstatedir='${prefix}/com'
SHELL='/bin/sh'
sysconfdir='${prefix}/etc'
target_alias='i386-banana'
target_cpu='i386'
target_os='banana'
target_vendor='pc'
target='i386-pc-banana'

## ------------------- ##
## File substitutions. ##
## ------------------- ##

host_makefile_frag='../../../../newlib-3.3.0/libgloss/libnosys/../config/default.mh'

## ----------- ##
## confdefs.h. ##
## ----------- ##

/* confdefs.h */
#define PACKAGE_NAME ""
#define PACKAGE_TARNAME ""
#define PACKAGE_VERSION ""
#define PACKAGE_STRING ""
#define PACKAGE_BUGREPORT ""
#define PACKAGE_URL ""
#define HAVE_GNU_LD 1
#define MISSING_SYSCALL_NAMES 1
#define __SYMBOL_PREFIX ""

configure: exit 0
