This file contains any messages produced by compilers while
running configure, to aid debugging if configure makes a mistake.

It was created by configure, which was
generated by GNU Autoconf 2.64.  Invocation command line was

  $ /cygdrive/d/Users/Alex/Desktop/Banana/libraries/newlib-3.3.0/etc/configure --srcdir=../../newlib-3.3.0/etc --cache-file=./config.cache --with-system-zlib --with-newlib --prefix=/usr --enable-newlib-long-time_t --disable-multilib --program-transform-name=s&^&i386-banana-& --disable-option-checking --build=x86_64-pc-cygwin --host=x86_64-pc-cygwin --target=i386-banana

## --------- ##
## Platform. ##
## --------- ##

hostname = DESKTOP-A1OO39D
uname -m = x86_64
uname -r = 3.1.2(0.340/5/3)
uname -s = CYGWIN_NT-10.0
uname -v = 2019-12-21 15:25

/usr/bin/uname -p = unknown
/bin/uname -X     = unknown

/bin/arch              = x86_64
/usr/bin/arch -k       = unknown
/usr/convex/getsysinfo = unknown
/usr/bin/hostinfo      = unknown
/bin/machine           = unknown
/usr/bin/oslevel       = unknown
/bin/universe          = unknown

PATH: /cygdrive/c/Program Files (x86)/Common Files/Oracle/Java/javapath
PATH: /cygdrive/c/Windows/system32
PATH: /cygdrive/c/Windows
PATH: /cygdrive/c/Windows/System32/Wbem
PATH: /cygdrive/c/Windows/System32/WindowsPowerShell/v1.0
PATH: /cygdrive/c/Program Files/Intel/WiFi/bin
PATH: /cygdrive/c/Program Files/Common Files/Intel/WirelessCommon
PATH: /cygdrive/c/Program Files (x86)/NVIDIA Corporation/PhysX/Common
PATH: /cygdrive/c/Program Files/dotnet
PATH: /cygdrive/c/Program Files/Microsoft SQL Server/130/Tools/Binn
PATH: /cygdrive/c/WINDOWS/system32
PATH: /cygdrive/c/WINDOWS
PATH: /cygdrive/c/WINDOWS/System32/Wbem
PATH: /cygdrive/c/WINDOWS/System32/WindowsPowerShell/v1.0
PATH: /cygdrive/c/WINDOWS/System32/OpenSSH
PATH: /cygdrive/d/devkitPro/msys2/usr/bin/GET_RID_OF_THIS_LAST_BIT
PATH: /cygdrive/c/Program Files/Microsoft SQL Server/Client SDK/ODBC/170/Tools/Binn
PATH: /cygdrive/c/Program Files (x86)/Streamlink/bin
PATH: /cygdrive/c/Users/Alex/AppData/Local/Programs/Python/Python38/Scripts
PATH: /cygdrive/c/Users/Alex/AppData/Local/Programs/Python/Python38
PATH: /cygdrive/c/Users/Alex/AppData/Local/Microsoft/WindowsApps
PATH: /cygdrive/d/Users/Alex/Desktop/Toolchain/Output/bin
PATH: /usr/bin
PATH: /
PATH: /cygdrive/c/Users/Alex/AppData/Local/bin/NASM
PATH: /cygdrive/c/Program Files (x86)/Microsoft Visual Studio/Shared/Python36_64
PATH: /cygdrive/d/Programs (x64)/qemu
PATH: /cygdrive/d/Users/Alex/Desktop/Programming/banana-exe/bin/Release
PATH: /cygdrive/d/Programs (x86)/Scratch 2
PATH: /cygdrive/c/Users/Alex/AppData/Local/Programs/Python/Python37-32


## ----------- ##
## Core tests. ##
## ----------- ##

configure:1572: creating cache ./config.cache
configure:1683: checking for a BSD-compatible install
configure:1751: result: /usr/bin/install -c
configure:1850: updating cache ./config.cache
configure:1923: creating ./config.status

## ---------------------- ##
## Running config.status. ##
## ---------------------- ##

This file was extended by config.status, which was
generated by GNU Autoconf 2.64.  Invocation command line was

  CONFIG_FILES    = 
  CONFIG_HEADERS  = 
  CONFIG_LINKS    = 
  CONFIG_COMMANDS = 
  $ ./config.status 

on DESKTOP-A1OO39D

config.status:715: creating Makefile

## ---------------- ##
## Cache variables. ##
## ---------------- ##

ac_cv_env_build_alias_set=set
ac_cv_env_build_alias_value=x86_64-pc-cygwin
ac_cv_env_host_alias_set=set
ac_cv_env_host_alias_value=x86_64-pc-cygwin
ac_cv_env_target_alias_set=set
ac_cv_env_target_alias_value=i386-banana

## ----------------- ##
## Output variables. ##
## ----------------- ##

bindir='${exec_prefix}/bin'
build_alias='x86_64-pc-cygwin'
datadir='${datarootdir}'
datarootdir='${prefix}/share'
DEFS='-DPACKAGE_NAME=\"\" -DPACKAGE_TARNAME=\"\" -DPACKAGE_VERSION=\"\" -DPACKAGE_STRING=\"\" -DPACKAGE_BUGREPORT=\"\" -DPACKAGE_URL=\"\"'
docdir='${datarootdir}/doc/${PACKAGE}'
dvidir='${docdir}'
ECHO_C=''
ECHO_N='-n'
ECHO_T=''
exec_prefix='${prefix}'
host_alias='x86_64-pc-cygwin'
htmldir='${docdir}'
includedir='${prefix}/include'
infodir='${datarootdir}/info'
INSTALL_DATA='/usr/bin/install -c -m 644'
INSTALL_PROGRAM='/usr/bin/install -c'
INSTALL_SCRIPT='/usr/bin/install -c'
libdir='${exec_prefix}/lib'
libexecdir='${exec_prefix}/libexec'
LIBOBJS=''
LIBS=''
localedir='${datarootdir}/locale'
localstatedir='${prefix}/var'
LTLIBOBJS=''
MAINT='#'
mandir='${datarootdir}/man'
oldincludedir='/usr/include'
PACKAGE_BUGREPORT=''
PACKAGE_NAME=''
PACKAGE_STRING=''
PACKAGE_TARNAME=''
PACKAGE_URL=''
PACKAGE_VERSION=''
PATH_SEPARATOR=':'
pdfdir='${docdir}'
prefix='/usr'
program_transform_name='s&^&i386-banana-&'
psdir='${docdir}'
sbindir='${exec_prefix}/sbin'
sharedstatedir='${prefix}/com'
SHELL='/bin/sh'
sysconfdir='${prefix}/etc'
target_alias='i386-banana'

## ----------- ##
## confdefs.h. ##
## ----------- ##

/* confdefs.h */
#define PACKAGE_NAME ""
#define PACKAGE_TARNAME ""
#define PACKAGE_VERSION ""
#define PACKAGE_STRING ""
#define PACKAGE_BUGREPORT ""
#define PACKAGE_URL ""

configure: exit 0
