This file contains any messages produced by compilers while
running configure, to aid debugging if configure makes a mistake.

It was created by configure, which was
generated by GNU Autoconf 2.64.  Invocation command line was

  $ ../newlib-3.3.0/configure --prefix=/usr --target=i386-banana --enable-newlib-long-time_t --disable-multilib

## --------- ##
## Platform. ##
## --------- ##

hostname = DESKTOP-A1OO39D
uname -m = x86_64
uname -r = 3.1.2(0.340/5/3)
uname -s = CYGWIN_NT-10.0
uname -v = 2019-12-21 15:25

/usr/bin/uname -p = unknown
/bin/uname -X     = unknown

/bin/arch              = x86_64
/usr/bin/arch -k       = unknown
/usr/convex/getsysinfo = unknown
/usr/bin/hostinfo      = unknown
/bin/machine           = unknown
/usr/bin/oslevel       = unknown
/bin/universe          = unknown

PATH: /cygdrive/c/Program Files (x86)/Common Files/Oracle/Java/javapath
PATH: /cygdrive/c/Windows/system32
PATH: /cygdrive/c/Windows
PATH: /cygdrive/c/Windows/System32/Wbem
PATH: /cygdrive/c/Windows/System32/WindowsPowerShell/v1.0
PATH: /cygdrive/c/Program Files/Intel/WiFi/bin
PATH: /cygdrive/c/Program Files/Common Files/Intel/WirelessCommon
PATH: /cygdrive/c/Program Files (x86)/NVIDIA Corporation/PhysX/Common
PATH: /cygdrive/c/Program Files/dotnet
PATH: /cygdrive/c/Program Files/Microsoft SQL Server/130/Tools/Binn
PATH: /cygdrive/c/WINDOWS/system32
PATH: /cygdrive/c/WINDOWS
PATH: /cygdrive/c/WINDOWS/System32/Wbem
PATH: /cygdrive/c/WINDOWS/System32/WindowsPowerShell/v1.0
PATH: /cygdrive/c/WINDOWS/System32/OpenSSH
PATH: /cygdrive/d/devkitPro/msys2/usr/bin/GET_RID_OF_THIS_LAST_BIT
PATH: /cygdrive/c/Program Files/Microsoft SQL Server/Client SDK/ODBC/170/Tools/Binn
PATH: /cygdrive/c/Program Files (x86)/Streamlink/bin
PATH: /cygdrive/c/Users/Alex/AppData/Local/Programs/Python/Python38/Scripts
PATH: /cygdrive/c/Users/Alex/AppData/Local/Programs/Python/Python38
PATH: /cygdrive/c/Users/Alex/AppData/Local/Microsoft/WindowsApps
PATH: /cygdrive/d/Users/Alex/Desktop/Toolchain/Output/bin
PATH: /usr/bin
PATH: /
PATH: /cygdrive/c/Users/Alex/AppData/Local/bin/NASM
PATH: /cygdrive/c/Program Files (x86)/Microsoft Visual Studio/Shared/Python36_64
PATH: /cygdrive/d/Programs (x64)/qemu
PATH: /cygdrive/d/Users/Alex/Desktop/Programming/banana-exe/bin/Release
PATH: /cygdrive/d/Programs (x86)/Scratch 2
PATH: /cygdrive/c/Users/Alex/AppData/Local/Programs/Python/Python37-32


## ----------- ##
## Core tests. ##
## ----------- ##

configure:2297: checking build system type
configure:2311: result: x86_64-pc-cygwin
configure:2358: checking host system type
configure:2371: result: x86_64-pc-cygwin
configure:2391: checking target system type
configure:2404: result: i386-pc-banana
configure:2458: checking for a BSD-compatible install
configure:2526: result: /usr/bin/install -c
configure:2537: checking whether ln works
configure:2559: result: yes
configure:2563: checking whether ln -s works
configure:2567: result: yes
configure:2574: checking for a sed that does not truncate output
configure:2638: result: /usr/bin/sed
configure:2647: checking for gawk
configure:2663: found /usr/bin/gawk
configure:2674: result: gawk
configure:3991: checking to see if cat works as expected
configure:3996: result: yes
configure:4117: checking for gcc
configure:4133: found /usr/bin/gcc
configure:4144: result: gcc
configure:4373: checking for C compiler version
configure:4382: gcc --version >&5
gcc (GCC) 9.2.0
Copyright (C) 2019 Free Software Foundation, Inc.
This is free software; see the source for copying conditions.  There is NO
warranty; not even for MERCHANTABILITY or FITNESS FOR A PARTICULAR PURPOSE.

configure:4393: $? = 0
configure:4382: gcc -v >&5
Using built-in specs.
COLLECT_GCC=gcc
COLLECT_LTO_WRAPPER=/usr/lib/gcc/x86_64-pc-cygwin/9.2.0/lto-wrapper.exe
Target: x86_64-pc-cygwin
Configured with: /cygdrive/i/szsz/tmpp/gcc/gcc-9.2.0-1.x86_64/src/gcc-9.2.0/configure --srcdir=/cygdrive/i/szsz/tmpp/gcc/gcc-9.2.0-1.x86_64/src/gcc-9.2.0 --prefix=/usr --exec-prefix=/usr --localstatedir=/var --sysconfdir=/etc --docdir=/usr/share/doc/gcc --htmldir=/usr/share/doc/gcc/html -C --build=x86_64-pc-cygwin --host=x86_64-pc-cygwin --target=x86_64-pc-cygwin --without-libiconv-prefix --without-libintl-prefix --libexecdir=/usr/lib --enable-shared --enable-shared-libgcc --enable-static --enable-version-specific-runtime-libs --enable-bootstrap --enable-__cxa_atexit --with-dwarf2 --with-tune=generic --enable-languages=c,c++,fortran,lto,objc,obj-c++ --enable-graphite --enable-threads=posix --enable-libatomic --enable-libgomp --enable-libquadmath --enable-libquadmath-support --disable-libssp --enable-libada --disable-symvers --with-gnu-ld --with-gnu-as --with-cloog-include=/usr/include/cloog-isl --without-libiconv-prefix --without-libintl-prefix --with-system-zlib --enable-linker-build-id --with-default-libstdcxx-abi=gcc4-compatible --enable-libstdcxx-filesystem-ts
Thread model: posix
gcc version 9.2.0 (GCC) 
configure:4393: $? = 0
configure:4382: gcc -V >&5
gcc: error: unrecognized command line option '-V'
gcc: fatal error: no input files
compilation terminated.
configure:4393: $? = 1
configure:4382: gcc -qversion >&5
gcc: error: unrecognized command line option '-qversion'; did you mean '--version'?
gcc: fatal error: no input files
compilation terminated.
configure:4393: $? = 1
configure:4413: checking for C compiler default output file name
configure:4435: gcc    conftest.c  >&5
configure:4439: $? = 0
configure:4476: result: a.exe
configure:4492: checking whether the C compiler works
configure:4501: ./a.exe
configure:4505: $? = 0
configure:4520: result: yes
configure:4527: checking whether we are cross compiling
configure:4529: result: no
configure:4532: checking for suffix of executables
configure:4539: gcc -o conftest.exe    conftest.c  >&5
configure:4543: $? = 0
configure:4565: result: .exe
configure:4571: checking for suffix of object files
configure:4593: gcc -c   conftest.c >&5
configure:4597: $? = 0
configure:4618: result: o
configure:4622: checking whether we are using the GNU C compiler
configure:4641: gcc -c   conftest.c >&5
configure:4641: $? = 0
configure:4650: result: yes
configure:4659: checking whether gcc accepts -g
configure:4679: gcc -c -g  conftest.c >&5
configure:4679: $? = 0
configure:4720: result: yes
configure:4737: checking for gcc option to accept ISO C89
configure:4801: gcc  -c -g -O2  conftest.c >&5
configure:4801: $? = 0
configure:4814: result: none needed
configure:4946: checking for C++ compiler version
configure:4955: D:/cygwin64/bin/g++.exe --version >&5
g++ (GCC) 9.2.0
Copyright (C) 2019 Free Software Foundation, Inc.
This is free software; see the source for copying conditions.  There is NO
warranty; not even for MERCHANTABILITY or FITNESS FOR A PARTICULAR PURPOSE.

configure:4966: $? = 0
configure:4955: D:/cygwin64/bin/g++.exe -v >&5
Using built-in specs.
COLLECT_GCC=D:/cygwin64/bin/g++
COLLECT_LTO_WRAPPER=/usr/lib/gcc/x86_64-pc-cygwin/9.2.0/lto-wrapper.exe
Target: x86_64-pc-cygwin
Configured with: /cygdrive/i/szsz/tmpp/gcc/gcc-9.2.0-1.x86_64/src/gcc-9.2.0/configure --srcdir=/cygdrive/i/szsz/tmpp/gcc/gcc-9.2.0-1.x86_64/src/gcc-9.2.0 --prefix=/usr --exec-prefix=/usr --localstatedir=/var --sysconfdir=/etc --docdir=/usr/share/doc/gcc --htmldir=/usr/share/doc/gcc/html -C --build=x86_64-pc-cygwin --host=x86_64-pc-cygwin --target=x86_64-pc-cygwin --without-libiconv-prefix --without-libintl-prefix --libexecdir=/usr/lib --enable-shared --enable-shared-libgcc --enable-static --enable-version-specific-runtime-libs --enable-bootstrap --enable-__cxa_atexit --with-dwarf2 --with-tune=generic --enable-languages=c,c++,fortran,lto,objc,obj-c++ --enable-graphite --enable-threads=posix --enable-libatomic --enable-libgomp --enable-libquadmath --enable-libquadmath-support --disable-libssp --enable-libada --disable-symvers --with-gnu-ld --with-gnu-as --with-cloog-include=/usr/include/cloog-isl --without-libiconv-prefix --without-libintl-prefix --with-system-zlib --enable-linker-build-id --with-default-libstdcxx-abi=gcc4-compatible --enable-libstdcxx-filesystem-ts
Thread model: posix
gcc version 9.2.0 (GCC) 
configure:4966: $? = 0
configure:4955: D:/cygwin64/bin/g++.exe -V >&5
g++: error: unrecognized command line option '-V'
g++: fatal error: no input files
compilation terminated.
configure:4966: $? = 1
configure:4955: D:/cygwin64/bin/g++.exe -qversion >&5
g++: error: unrecognized command line option '-qversion'; did you mean '--version'?
g++: fatal error: no input files
compilation terminated.
configure:4966: $? = 1
configure:4970: checking whether we are using the GNU C++ compiler
configure:4989: D:/cygwin64/bin/g++.exe -c   conftest.cpp >&5
configure:4989: $? = 0
configure:4998: result: yes
configure:5007: checking whether D:/cygwin64/bin/g++.exe accepts -g
configure:5027: D:/cygwin64/bin/g++.exe -c -g  conftest.cpp >&5
configure:5027: $? = 0
configure:5068: result: yes
configure:5117: checking whether g++ accepts -static-libstdc++ -static-libgcc
configure:5134: D:/cygwin64/bin/g++.exe -o conftest.exe -g -O2   -static-libstdc++ -static-libgcc conftest.cpp  >&5
configure:5134: $? = 0
configure:5135: result: yes
configure:5199: checking for gnatbind
configure:5229: result: no
configure:5291: checking for gnatmake
configure:5321: result: no
configure:5340: checking whether compiler driver understands Ada
configure:5363: result: no
configure:5372: checking how to compare bootstrapped objects
configure:5397: result: cmp --ignore-initial=16 $$f1 $$f2
configure:5457: checking for objdir
configure:5472: result: .libs
configure:6016: checking for isl 0.16, 0.15, or deprecated 0.14
configure:6029: gcc -o conftest.exe -g -O2      -lisl -lmpc -lmpfr -lgmp conftest.c  -lisl -lgmp >&5
conftest.c:10:10: fatal error: isl/ctx.h: No such file or directory
   10 | #include <isl/ctx.h>
      |          ^~~~~~~~~~~
compilation terminated.
configure:6029: $? = 1
configure: failed program was:
| /* confdefs.h */
| #define PACKAGE_NAME ""
| #define PACKAGE_TARNAME ""
| #define PACKAGE_VERSION ""
| #define PACKAGE_STRING ""
| #define PACKAGE_BUGREPORT ""
| #define PACKAGE_URL ""
| #define LT_OBJDIR ".libs/"
| /* end confdefs.h.  */
| #include <isl/ctx.h>
| int
| main ()
| {
| isl_ctx_get_max_operations (isl_ctx_alloc ());
|   ;
|   return 0;
| }
configure:6036: result: no
configure:6040: result: recommended isl version is 0.16 or 0.15, the minimum required isl version 0.14 is deprecated
configure:6044: checking for isl 0.16 or 0.15
configure:6057: gcc -o conftest.exe -g -O2      -lisl -lmpc -lmpfr -lgmp conftest.c  -lisl -lgmp >&5
conftest.c:10:10: fatal error: isl/schedule.h: No such file or directory
   10 | #include <isl/schedule.h>
      |          ^~~~~~~~~~~~~~~~
compilation terminated.
configure:6057: $? = 1
configure: failed program was:
| /* confdefs.h */
| #define PACKAGE_NAME ""
| #define PACKAGE_TARNAME ""
| #define PACKAGE_VERSION ""
| #define PACKAGE_STRING ""
| #define PACKAGE_BUGREPORT ""
| #define PACKAGE_URL ""
| #define LT_OBJDIR ".libs/"
| /* end confdefs.h.  */
| #include <isl/schedule.h>
| int
| main ()
| {
| isl_options_set_schedule_serialize_sccs (NULL, 0);
|   ;
|   return 0;
| }
configure:6064: result: no
configure:7068: checking for default BUILD_CONFIG
configure:7100: result: 
configure:7105: checking for --enable-vtable-verify
configure:7118: result: no
configure:7724: checking for bison
configure:7740: found /usr/bin/bison
configure:7751: result: bison -y
configure:7771: checking for bison
configure:7787: found /usr/bin/bison
configure:7798: result: bison
configure:7818: checking for gm4
configure:7848: result: no
configure:7818: checking for gnum4
configure:7848: result: no
configure:7818: checking for m4
configure:7834: found /usr/bin/m4
configure:7845: result: m4
configure:7865: checking for flex
configure:7881: found /usr/bin/flex
configure:7892: result: flex
configure:7913: checking for flex
configure:7929: found /usr/bin/flex
configure:7940: result: flex
configure:7960: checking for makeinfo
configure:7976: found /usr/bin/makeinfo
configure:7987: result: makeinfo
configure:8021: checking for expect
configure:8051: result: no
configure:8070: checking for runtest
configure:8100: result: no
configure:8215: checking for ar
configure:8231: found /usr/bin/ar
configure:8242: result: ar
configure:8356: checking for as
configure:8372: found /usr/bin/as
configure:8383: result: as
configure:8497: checking for dlltool
configure:8513: found /usr/bin/dlltool
configure:8524: result: dlltool
configure:8557: checking for ld
configure:8584: result: D:/cygwin64/bin/gcc.exe
configure:8779: checking for lipo
configure:8809: result: no
configure:8920: checking for nm
configure:8936: found /usr/bin/nm
configure:8947: result: nm
configure:9061: checking for ranlib
configure:9077: found /usr/bin/ranlib
configure:9088: result: ranlib
configure:9197: checking for strip
configure:9213: found /usr/bin/strip
configure:9224: result: strip
configure:9333: checking for windres
configure:9349: found /usr/bin/windres
configure:9360: result: windres
configure:9474: checking for windmc
configure:9490: found /usr/bin/windmc
configure:9501: result: windmc
configure:9615: checking for objcopy
configure:9631: found /usr/bin/objcopy
configure:9642: result: objcopy
configure:9756: checking for objdump
configure:9772: found /usr/bin/objdump
configure:9783: result: objdump
configure:9897: checking for readelf
configure:9913: found /usr/bin/readelf
configure:9924: result: readelf
configure:10038: checking for i386-banana-cc
configure:10068: result: no
configure:10038: checking for i386-banana-gcc
configure:10054: found /cygdrive/d/Users/Alex/Desktop/Toolchain/Output/bin/i386-banana-gcc
configure:10065: result: i386-banana-gcc
configure:10199: checking for i386-banana-c++
configure:10215: found /cygdrive/d/Users/Alex/Desktop/Toolchain/Output/bin/i386-banana-c++
configure:10226: result: i386-banana-c++
configure:10360: checking for i386-banana-gcc
configure:10376: found /cygdrive/d/Users/Alex/Desktop/Toolchain/Output/bin/i386-banana-gcc
configure:10387: result: i386-banana-gcc
configure:10516: checking for i386-banana-gcj
configure:10546: result: no
configure:10677: checking for i386-banana-gfortran
configure:10707: result: no
configure:10838: checking for i386-banana-gccgo
configure:10868: result: no
configure:11079: checking for i386-banana-ar
configure:11095: found /cygdrive/d/Users/Alex/Desktop/Toolchain/Output/bin/i386-banana-ar
configure:11106: result: i386-banana-ar
configure:11309: checking for i386-banana-as
configure:11325: found /cygdrive/d/Users/Alex/Desktop/Toolchain/Output/bin/i386-banana-as
configure:11336: result: i386-banana-as
configure:11539: checking for i386-banana-dlltool
configure:11569: result: no
configure:11769: checking for i386-banana-ld
configure:11785: found /cygdrive/d/Users/Alex/Desktop/Toolchain/Output/bin/i386-banana-ld
configure:11796: result: i386-banana-ld
configure:11999: checking for i386-banana-lipo
configure:12029: result: no
configure:12229: checking for i386-banana-nm
configure:12245: found /cygdrive/d/Users/Alex/Desktop/Toolchain/Output/bin/i386-banana-nm
configure:12256: result: i386-banana-nm
configure:12459: checking for i386-banana-objcopy
configure:12475: found /cygdrive/d/Users/Alex/Desktop/Toolchain/Output/bin/i386-banana-objcopy
configure:12486: result: i386-banana-objcopy
configure:12689: checking for i386-banana-objdump
configure:12705: found /cygdrive/d/Users/Alex/Desktop/Toolchain/Output/bin/i386-banana-objdump
configure:12716: result: i386-banana-objdump
configure:12919: checking for i386-banana-ranlib
configure:12935: found /cygdrive/d/Users/Alex/Desktop/Toolchain/Output/bin/i386-banana-ranlib
configure:12946: result: i386-banana-ranlib
configure:13149: checking for i386-banana-readelf
configure:13165: found /cygdrive/d/Users/Alex/Desktop/Toolchain/Output/bin/i386-banana-readelf
configure:13176: result: i386-banana-readelf
configure:13379: checking for i386-banana-strip
configure:13395: found /cygdrive/d/Users/Alex/Desktop/Toolchain/Output/bin/i386-banana-strip
configure:13406: result: i386-banana-strip
configure:13609: checking for i386-banana-windres
configure:13639: result: no
configure:13839: checking for i386-banana-windmc
configure:13869: result: no
configure:13936: checking where to find the target ar
configure:13973: result: pre-installed
configure:13978: checking where to find the target as
configure:14015: result: pre-installed
configure:14020: checking where to find the target cc
configure:14057: result: pre-installed
configure:14062: checking where to find the target c++
configure:14102: result: pre-installed
configure:14107: checking where to find the target c++ for libstdc++
configure:14147: result: pre-installed
configure:14152: checking where to find the target dlltool
configure:14189: result: pre-installed
configure:14194: checking where to find the target gcc
configure:14231: result: pre-installed
configure:14236: checking where to find the target gcj
configure:14276: result: pre-installed
configure:14281: checking where to find the target gfortran
configure:14321: result: pre-installed
configure:14326: checking where to find the target gccgo
configure:14366: result: pre-installed
configure:14371: checking where to find the target ld
configure:14408: result: pre-installed
configure:14413: checking where to find the target lipo
configure:14439: result: pre-installed
configure:14444: checking where to find the target nm
configure:14481: result: pre-installed
configure:14486: checking where to find the target objcopy
configure:14523: result: pre-installed
configure:14528: checking where to find the target objdump
configure:14565: result: pre-installed
configure:14570: checking where to find the target ranlib
configure:14607: result: pre-installed
configure:14612: checking where to find the target readelf
configure:14649: result: pre-installed
configure:14654: checking where to find the target strip
configure:14691: result: pre-installed
configure:14696: checking where to find the target windres
configure:14733: result: pre-installed
configure:14738: checking where to find the target windmc
configure:14775: result: pre-installed
configure:14808: checking whether to enable maintainer-specific portions of Makefiles
configure:14817: result: no
configure:15075: creating ./config.status

## ---------------------- ##
## Running config.status. ##
## ---------------------- ##

This file was extended by config.status, which was
generated by GNU Autoconf 2.64.  Invocation command line was

  CONFIG_FILES    = 
  CONFIG_HEADERS  = 
  CONFIG_LINKS    = 
  CONFIG_COMMANDS = 
  $ ./config.status 

on DESKTOP-A1OO39D

config.status:923: creating Makefile

## ---------------- ##
## Cache variables. ##
## ---------------- ##

ac_cv_build=x86_64-pc-cygwin
ac_cv_c_compiler_gnu=yes
ac_cv_cxx_compiler_gnu=yes
ac_cv_env_AR_FOR_TARGET_set=
ac_cv_env_AR_FOR_TARGET_value=
ac_cv_env_AR_set=
ac_cv_env_AR_value=
ac_cv_env_AS_FOR_TARGET_set=
ac_cv_env_AS_FOR_TARGET_value=
ac_cv_env_AS_set=
ac_cv_env_AS_value=
ac_cv_env_build_alias_set=
ac_cv_env_build_alias_value=
ac_cv_env_build_configargs_set=
ac_cv_env_build_configargs_value=
ac_cv_env_CC_FOR_TARGET_set=
ac_cv_env_CC_FOR_TARGET_value=
ac_cv_env_CC_set=
ac_cv_env_CC_value=
ac_cv_env_CCC_set=
ac_cv_env_CCC_value=
ac_cv_env_CFLAGS_set=
ac_cv_env_CFLAGS_value=
ac_cv_env_CPPFLAGS_set=
ac_cv_env_CPPFLAGS_value=
ac_cv_env_CXX_FOR_TARGET_set=
ac_cv_env_CXX_FOR_TARGET_value=
ac_cv_env_CXX_set=set
ac_cv_env_CXX_value=D:/cygwin64/bin/g++.exe
ac_cv_env_CXXFLAGS_set=
ac_cv_env_CXXFLAGS_value=
ac_cv_env_DLLTOOL_FOR_TARGET_set=
ac_cv_env_DLLTOOL_FOR_TARGET_value=
ac_cv_env_DLLTOOL_set=
ac_cv_env_DLLTOOL_value=
ac_cv_env_GCC_FOR_TARGET_set=
ac_cv_env_GCC_FOR_TARGET_value=
ac_cv_env_GCJ_FOR_TARGET_set=
ac_cv_env_GCJ_FOR_TARGET_value=
ac_cv_env_GFORTRAN_FOR_TARGET_set=
ac_cv_env_GFORTRAN_FOR_TARGET_value=
ac_cv_env_GOC_FOR_TARGET_set=
ac_cv_env_GOC_FOR_TARGET_value=
ac_cv_env_host_alias_set=
ac_cv_env_host_alias_value=
ac_cv_env_host_configargs_set=
ac_cv_env_host_configargs_value=
ac_cv_env_LD_FOR_TARGET_set=
ac_cv_env_LD_FOR_TARGET_value=
ac_cv_env_LD_set=set
ac_cv_env_LD_value=D:/cygwin64/bin/gcc.exe
ac_cv_env_LDFLAGS_set=
ac_cv_env_LDFLAGS_value=
ac_cv_env_LIBS_set=
ac_cv_env_LIBS_value=
ac_cv_env_LIPO_FOR_TARGET_set=
ac_cv_env_LIPO_FOR_TARGET_value=
ac_cv_env_LIPO_set=
ac_cv_env_LIPO_value=
ac_cv_env_NM_FOR_TARGET_set=
ac_cv_env_NM_FOR_TARGET_value=
ac_cv_env_NM_set=
ac_cv_env_NM_value=
ac_cv_env_OBJCOPY_FOR_TARGET_set=
ac_cv_env_OBJCOPY_FOR_TARGET_value=
ac_cv_env_OBJCOPY_set=
ac_cv_env_OBJCOPY_value=
ac_cv_env_OBJDUMP_FOR_TARGET_set=
ac_cv_env_OBJDUMP_FOR_TARGET_value=
ac_cv_env_OBJDUMP_set=
ac_cv_env_OBJDUMP_value=
ac_cv_env_RANLIB_FOR_TARGET_set=
ac_cv_env_RANLIB_FOR_TARGET_value=
ac_cv_env_RANLIB_set=
ac_cv_env_RANLIB_value=
ac_cv_env_READELF_FOR_TARGET_set=
ac_cv_env_READELF_FOR_TARGET_value=
ac_cv_env_READELF_set=
ac_cv_env_READELF_value=
ac_cv_env_STRIP_FOR_TARGET_set=
ac_cv_env_STRIP_FOR_TARGET_value=
ac_cv_env_STRIP_set=
ac_cv_env_STRIP_value=
ac_cv_env_target_alias_set=set
ac_cv_env_target_alias_value=i386-banana
ac_cv_env_target_configargs_set=
ac_cv_env_target_configargs_value=
ac_cv_env_WINDMC_FOR_TARGET_set=
ac_cv_env_WINDMC_FOR_TARGET_value=
ac_cv_env_WINDMC_set=
ac_cv_env_WINDMC_value=
ac_cv_env_WINDRES_FOR_TARGET_set=
ac_cv_env_WINDRES_FOR_TARGET_value=
ac_cv_env_WINDRES_set=
ac_cv_env_WINDRES_value=
ac_cv_exeext=.exe
ac_cv_host=x86_64-pc-cygwin
ac_cv_objext=o
ac_cv_path_install='/usr/bin/install -c'
ac_cv_path_SED=/usr/bin/sed
ac_cv_prog_ac_ct_CC=gcc
ac_cv_prog_AR_FOR_TARGET=i386-banana-ar
ac_cv_prog_AR=ar
ac_cv_prog_AS_FOR_TARGET=i386-banana-as
ac_cv_prog_AS=as
ac_cv_prog_AWK=gawk
ac_cv_prog_BISON=bison
ac_cv_prog_cc_c89=
ac_cv_prog_CC_FOR_TARGET=i386-banana-gcc
ac_cv_prog_cc_g=yes
ac_cv_prog_CXX_FOR_TARGET=i386-banana-c++
ac_cv_prog_cxx_g=yes
ac_cv_prog_DLLTOOL=dlltool
ac_cv_prog_FLEX=flex
ac_cv_prog_GCC_FOR_TARGET=i386-banana-gcc
ac_cv_prog_LD_FOR_TARGET=i386-banana-ld
ac_cv_prog_LD=D:/cygwin64/bin/gcc.exe
ac_cv_prog_LEX=flex
ac_cv_prog_M4=m4
ac_cv_prog_MAKEINFO=makeinfo
ac_cv_prog_NM_FOR_TARGET=i386-banana-nm
ac_cv_prog_NM=nm
ac_cv_prog_OBJCOPY_FOR_TARGET=i386-banana-objcopy
ac_cv_prog_OBJCOPY=objcopy
ac_cv_prog_OBJDUMP_FOR_TARGET=i386-banana-objdump
ac_cv_prog_OBJDUMP=objdump
ac_cv_prog_RANLIB_FOR_TARGET=i386-banana-ranlib
ac_cv_prog_RANLIB=ranlib
ac_cv_prog_READELF_FOR_TARGET=i386-banana-readelf
ac_cv_prog_READELF=readelf
ac_cv_prog_STRIP_FOR_TARGET=i386-banana-strip
ac_cv_prog_STRIP=strip
ac_cv_prog_WINDMC=windmc
ac_cv_prog_WINDRES=windres
ac_cv_prog_YACC='bison -y'
ac_cv_target=i386-pc-banana
acx_cv_cc_gcc_supports_ada=no
acx_cv_prog_LN=ln
gcc_cv_isl=no
gcc_cv_prog_cmp_skip='cmp --ignore-initial=16 $$f1 $$f2'
gcc_cv_tool_dirs=
gcc_cv_tool_prefix=/usr
lt_cv_objdir=.libs

## ----------------- ##
## Output variables. ##
## ----------------- ##

ac_ct_CC='gcc'
ac_ct_CXX=''
AR_FOR_BUILD='$(AR)'
AR_FOR_TARGET='i386-banana-ar'
AR='ar'
AS_FOR_BUILD='$(AS)'
AS_FOR_TARGET='i386-banana-as'
AS='as'
AWK='gawk'
bindir='${exec_prefix}/bin'
BISON='bison'
build_alias=''
BUILD_CONFIG=''
build_configargs=' --cache-file=./config.cache '\''--prefix=/usr'\'' '\''--enable-newlib-long-time_t'\'' '\''--disable-multilib'\'' --program-transform-name='\''s&^&i386-banana-&'\'' --disable-option-checking'
build_configdirs=''
build_cpu='x86_64'
build_libsubdir='build-x86_64-pc-cygwin'
build_noncanonical='x86_64-pc-cygwin'
build_os='cygwin'
build_subdir='build-x86_64-pc-cygwin'
build_tooldir='${exec_prefix}/i386-banana'
build_vendor='pc'
build='x86_64-pc-cygwin'
CC_FOR_BUILD='$(CC)'
CC_FOR_TARGET='i386-banana-gcc'
CC='gcc'
CFLAGS_FOR_BUILD='-g -O2'
CFLAGS_FOR_TARGET='-g -O2'
CFLAGS='-g -O2'
compare_exclusions='gcc/cc*-checksum$(objext) | gcc/ada/*tools/*'
COMPILER_AS_FOR_TARGET='$(AS_FOR_TARGET)'
COMPILER_LD_FOR_TARGET='$(LD_FOR_TARGET)'
COMPILER_NM_FOR_TARGET='$(NM_FOR_TARGET)'
configdirs=' etc'
CONFIGURE_GDB_TK=''
CPPFLAGS=''
CXX_FOR_BUILD='$(CXX)'
CXX_FOR_TARGET='i386-banana-c++'
CXX='D:/cygwin64/bin/g++.exe'
CXXFLAGS_FOR_BUILD='-g -O2'
CXXFLAGS_FOR_TARGET='-g -O2'
CXXFLAGS='-g -O2'
datadir='${datarootdir}'
datarootdir='${prefix}/share'
DEBUG_PREFIX_CFLAGS_FOR_TARGET=''
DEFS='-DPACKAGE_NAME=\"\" -DPACKAGE_TARNAME=\"\" -DPACKAGE_VERSION=\"\" -DPACKAGE_STRING=\"\" -DPACKAGE_BUGREPORT=\"\" -DPACKAGE_URL=\"\" -DLT_OBJDIR=\".libs/\"'
DLLTOOL_FOR_BUILD='$(DLLTOOL)'
DLLTOOL_FOR_TARGET='i386-banana-dlltool'
DLLTOOL='dlltool'
do_compare='cmp --ignore-initial=16 $$f1 $$f2'
docdir='${datarootdir}/doc/${PACKAGE}'
dvidir='${docdir}'
ECHO_C=''
ECHO_N='-n'
ECHO_T=''
exec_prefix='${prefix}'
EXEEXT='.exe'
EXPECT='expect'
EXTRA_CONFIGARGS_LIBJAVA='--disable-static'
extra_host_libiberty_configure_flags=''
extra_host_zlib_configure_flags=''
extra_isl_gmp_configure_flags=''
extra_liboffloadmic_configure_flags=''
extra_linker_plugin_configure_flags=''
extra_linker_plugin_flags=''
extra_mpc_gmp_configure_flags=''
extra_mpc_mpfr_configure_flags=''
extra_mpfr_configure_flags=''
FLAGS_FOR_TARGET=' -B$$r/$(TARGET_SUBDIR)/newlib/ -isystem $$r/$(TARGET_SUBDIR)/newlib/targ-include -isystem $$s/newlib/libc/include -B$$r/$(TARGET_SUBDIR)/libgloss/i386 -L$$r/$(TARGET_SUBDIR)/libgloss/libnosys -L$$s/libgloss/i386'
FLEX='flex'
GCC_FOR_TARGET='i386-banana-gcc'
GCC_SHLIB_SUBDIR='/shlib'
GCJ_FOR_BUILD='$(GCJ)'
GCJ_FOR_TARGET='i386-banana-gcj'
GDB_TK=''
GFORTRAN_FOR_BUILD='$(GFORTRAN)'
GFORTRAN_FOR_TARGET='i386-banana-gfortran'
gmpinc=''
gmplibs='-lmpc -lmpfr -lgmp'
GNATBIND='no'
GNATMAKE='no'
GOC_FOR_BUILD='$(GOC)'
GOC_FOR_TARGET='i386-banana-gccgo'
host_alias=''
host_configargs=' --cache-file=./config.cache  --with-system-zlib --with-newlib '\''--prefix=/usr'\'' '\''--enable-newlib-long-time_t'\'' '\''--disable-multilib'\'' --program-transform-name='\''s&^&i386-banana-&'\'' --disable-option-checking'
host_cpu='x86_64'
host_noncanonical='x86_64-pc-cygwin'
host_os='cygwin'
host_shared='no'
host_subdir='.'
host_vendor='pc'
host='x86_64-pc-cygwin'
htmldir='${docdir}'
includedir='${prefix}/include'
infodir='${datarootdir}/info'
INSTALL_DATA='${INSTALL} -m 644'
INSTALL_GDB_TK=''
INSTALL_PROGRAM='${INSTALL}'
INSTALL_SCRIPT='${INSTALL}'
islinc=''
isllibs=''
islver=''
LD_FOR_BUILD='$(LD)'
LD_FOR_TARGET='i386-banana-ld'
LD='D:/cygwin64/bin/gcc.exe'
LDFLAGS_FOR_BUILD=''
LDFLAGS_FOR_TARGET=''
LDFLAGS=''
LEX='flex'
libdir='${exec_prefix}/lib'
libexecdir='${exec_prefix}/libexec'
LIBOBJS=''
LIBS=''
LIPO_FOR_TARGET='i386-banana-lipo'
LIPO='lipo'
LN_S='ln -s'
LN='ln'
localedir='${datarootdir}/locale'
localstatedir='${prefix}/var'
LTLIBOBJS=''
M4='m4'
MAINT='#'
MAINTAINER_MODE_FALSE=''
MAINTAINER_MODE_TRUE='#'
MAKEINFO='makeinfo'
mandir='${datarootdir}/man'
NM_FOR_BUILD='$(NM)'
NM_FOR_TARGET='i386-banana-nm'
NM='nm'
OBJCOPY_FOR_TARGET='i386-banana-objcopy'
OBJCOPY='objcopy'
OBJDUMP_FOR_TARGET='i386-banana-objdump'
OBJDUMP='objdump'
OBJEXT='o'
oldincludedir='/usr/include'
PACKAGE_BUGREPORT=''
PACKAGE_NAME=''
PACKAGE_STRING=''
PACKAGE_TARNAME=''
PACKAGE_URL=''
PACKAGE_VERSION=''
PATH_SEPARATOR=':'
pdfdir='${docdir}'
poststage1_ldflags='-static-libstdc++ -static-libgcc'
poststage1_libs=''
prefix='/usr'
program_transform_name='s&^&i386-banana-&'
psdir='${docdir}'
RANLIB_FOR_BUILD='$(RANLIB)'
RANLIB_FOR_TARGET='i386-banana-ranlib'
RANLIB='ranlib'
RAW_CXX_FOR_TARGET='i386-banana-c++'
READELF_FOR_TARGET='i386-banana-readelf'
READELF='readelf'
RPATH_ENVVAR='PATH'
RUNTEST='runtest'
sbindir='${exec_prefix}/sbin'
SED='/usr/bin/sed'
sharedstatedir='${prefix}/com'
SHELL='/bin/sh'
stage1_cflags='-g'
stage1_checking='--enable-checking=yes,types'
stage1_languages=',c,'
stage1_ldflags='-static-libstdc++ -static-libgcc'
stage1_libs=''
stage2_werror_flag=''
STRIP_FOR_TARGET='i386-banana-strip'
STRIP='strip'
sysconfdir='${prefix}/etc'
SYSROOT_CFLAGS_FOR_TARGET=''
target_alias='i386-banana'
target_configargs='--cache-file=./config.cache --with-newlib --with-cross-host=x86_64-pc-cygwin   '\''--prefix=/usr'\'' '\''--enable-newlib-long-time_t'\'' '\''--disable-multilib'\'' --program-transform-name='\''s&^&i386-banana-&'\'' --disable-option-checking'
target_configdirs='libgloss newlib'
target_cpu='i386'
target_noncanonical='i386-banana'
target_os='banana'
target_subdir='i386-banana'
target_vendor='pc'
target='i386-pc-banana'
tooldir='${exec_prefix}/i386-banana'
TOPLEVEL_CONFIGURE_ARGUMENTS='../newlib-3.3.0/configure --prefix=/usr --target=i386-banana --enable-newlib-long-time_t --disable-multilib'
WINDMC_FOR_BUILD='$(WINDMC)'
WINDMC_FOR_TARGET='i386-banana-windmc'
WINDMC='windmc'
WINDRES_FOR_BUILD='$(WINDRES)'
WINDRES_FOR_TARGET='i386-banana-windres'
WINDRES='windres'
YACC='bison -y'

## ------------------- ##
## File substitutions. ##
## ------------------- ##

alphaieee_frag='/dev/null'
host_makefile_frag='../newlib-3.3.0/config/mh-cygwin'
ospace_frag='/dev/null'
serialization_dependencies='serdep.tmp'
target_makefile_frag='/dev/null'

## ----------- ##
## confdefs.h. ##
## ----------- ##

/* confdefs.h */
#define PACKAGE_NAME ""
#define PACKAGE_TARNAME ""
#define PACKAGE_VERSION ""
#define PACKAGE_STRING ""
#define PACKAGE_BUGREPORT ""
#define PACKAGE_URL ""
#define LT_OBJDIR ".libs/"

configure: exit 0
