  i386-banana-as  Resclink.s -o _R32.o
  i386-banana-gcc -std=c11 *.c -Wl,_R32.o -o "D:/Users/Alex/Desktop/Banana/sysroot/demo2.exe" -s
Main.c(5,7): warning G82708F1B: conflicting types for built-in function 'sin' [-Wbuiltin-declaration-mismatch]
   float sin(float a)
         ^~~
Main.c(10,7): warning G82708F1B: conflicting types for built-in function 'cos' [-Wbuiltin-declaration-mismatch]
   float cos(float a)
         ^~~
Main.c(15,7): warning G82708F1B: conflicting types for built-in function 'tan' [-Wbuiltin-declaration-mismatch]
   float tan(float a)
         ^~~
Main.c(20,7): warning G82708F1B: conflicting types for built-in function 'asin' [-Wbuiltin-declaration-mismatch]
   float asin(float a)
         ^~~~
Main.c(25,7): warning G82708F1B: conflicting types for built-in function 'acos' [-Wbuiltin-declaration-mismatch]
   float acos(float a)
         ^~~~
Main.c(30,7): warning G82708F1B: conflicting types for built-in function 'atan' [-Wbuiltin-declaration-mismatch]
   float atan(float a)
         ^~~~
Main.c(35,7): warning G82708F1B: conflicting types for built-in function 'floor' [-Wbuiltin-declaration-mismatch]
   float floor(float a)
         ^~~~~
Main.c(40,7): warning G82708F1B: conflicting types for built-in function 'ceil' [-Wbuiltin-declaration-mismatch]
   float ceil(float a)
         ^~~~
Main.c(45,7): warning G82708F1B: conflicting types for built-in function 'fmod' [-Wbuiltin-declaration-mismatch]
   float fmod(float a)
         ^~~~
Main.c(50,7): warning G82708F1B: conflicting types for built-in function 'sqrt' [-Wbuiltin-declaration-mismatch]
   float sqrt(float a)
         ^~~~
Main.c(55,7): warning G82708F1B: conflicting types for built-in function 'log10' [-Wbuiltin-declaration-mismatch]
   float log10(float a)
         ^~~~~
Main.c(60,7): warning G82708F1B: conflicting types for built-in function 'exp' [-Wbuiltin-declaration-mismatch]
   float exp(float a)
         ^~~
Main.c(65,7): warning G82708F1B: conflicting types for built-in function 'pow' [-Wbuiltin-declaration-mismatch]
   float pow(float a)
         ^~~
Main.c(70,7): warning G82708F1B: conflicting types for built-in function 'atan2' [-Wbuiltin-declaration-mismatch]
   float atan2(float a)
         ^~~~~
Main.c(77,7): warning G82708F1B: conflicting types for built-in function 'log' [-Wbuiltin-declaration-mismatch]
   float log(float a)
         ^~~
