This file contains any messages produced by compilers while
running configure, to aid debugging if configure makes a mistake.

It was created by newlib configure 3.3.0, which was
generated by GNU Autoconf 2.68.  Invocation command line was

  $ ../../../../../newlib-3.3.0/newlib/libc/machine/configure --disable-option-checking --prefix=/usr --with-newlib --with-cross-host=x86_64-pc-cygwin --enable-newlib-long-time_t --disable-multilib --program-transform-name=s&^&i386-banana-& --with-target-subdir=i386-banana --build=x86_64-pc-cygwin --host=i386-banana --target=i386-banana build_alias=x86_64-pc-cygwin host_alias=i386-banana target_alias=i386-banana CC=i386-banana-gcc -B/cygdrive/d/Users/Alex/Desktop/Banana/libraries/build-newlib/i386-banana/newlib/ -isystem /cygdrive/d/Users/Alex/Desktop/Banana/libraries/build-newlib/i386-banana/newlib/targ-include -isystem /cygdrive/d/Users/Alex/Desktop/Banana/libraries/newlib-3.3.0/newlib/libc/include -B/cygdrive/d/Users/Alex/Desktop/Banana/libraries/build-newlib/i386-banana/libgloss/i386 -L/cygdrive/d/Users/Alex/Desktop/Banana/libraries/build-newlib/i386-banana/libgloss/libnosys -L/cygdrive/d/Users/Alex/Desktop/Banana/libraries/newlib-3.3.0/libgloss/i386    CFLAGS=-g -O2 LDFLAGS= CPPFLAGS= --cache-file=../.././config.cache --srcdir=../../../../../newlib-3.3.0/newlib/libc/machine

## --------- ##
## Platform. ##
## --------- ##

hostname = DESKTOP-A1OO39D
uname -m = x86_64
uname -r = 3.1.2(0.340/5/3)
uname -s = CYGWIN_NT-10.0
uname -v = 2019-12-21 15:25

/usr/bin/uname -p = unknown
/bin/uname -X     = unknown

/bin/arch              = x86_64
/usr/bin/arch -k       = unknown
/usr/convex/getsysinfo = unknown
/usr/bin/hostinfo      = unknown
/bin/machine           = unknown
/usr/bin/oslevel       = unknown
/bin/universe          = unknown

PATH: /cygdrive/c/Program Files (x86)/Common Files/Oracle/Java/javapath
PATH: /cygdrive/c/Windows/system32
PATH: /cygdrive/c/Windows
PATH: /cygdrive/c/Windows/System32/Wbem
PATH: /cygdrive/c/Windows/System32/WindowsPowerShell/v1.0
PATH: /cygdrive/c/Program Files/Intel/WiFi/bin
PATH: /cygdrive/c/Program Files/Common Files/Intel/WirelessCommon
PATH: /cygdrive/c/Program Files (x86)/NVIDIA Corporation/PhysX/Common
PATH: /cygdrive/c/Program Files/dotnet
PATH: /cygdrive/c/Program Files/Microsoft SQL Server/130/Tools/Binn
PATH: /cygdrive/c/WINDOWS/system32
PATH: /cygdrive/c/WINDOWS
PATH: /cygdrive/c/WINDOWS/System32/Wbem
PATH: /cygdrive/c/WINDOWS/System32/WindowsPowerShell/v1.0
PATH: /cygdrive/c/WINDOWS/System32/OpenSSH
PATH: /cygdrive/d/devkitPro/msys2/usr/bin/GET_RID_OF_THIS_LAST_BIT
PATH: /cygdrive/c/Program Files/Microsoft SQL Server/Client SDK/ODBC/170/Tools/Binn
PATH: /cygdrive/c/Program Files (x86)/Streamlink/bin
PATH: /cygdrive/c/Users/Alex/AppData/Local/Programs/Python/Python38/Scripts
PATH: /cygdrive/c/Users/Alex/AppData/Local/Programs/Python/Python38
PATH: /cygdrive/c/Users/Alex/AppData/Local/Microsoft/WindowsApps
PATH: /cygdrive/d/Users/Alex/Desktop/Toolchain/Output/bin
PATH: /usr/bin
PATH: /
PATH: /cygdrive/c/Users/Alex/AppData/Local/bin/NASM
PATH: /cygdrive/c/Program Files (x86)/Microsoft Visual Studio/Shared/Python36_64
PATH: /cygdrive/d/Programs (x64)/qemu
PATH: /cygdrive/d/Users/Alex/Desktop/Programming/banana-exe/bin/Release
PATH: /cygdrive/d/Programs (x86)/Scratch 2
PATH: /cygdrive/c/Users/Alex/AppData/Local/Programs/Python/Python37-32


## ----------- ##
## Core tests. ##
## ----------- ##

configure:2122: creating cache ../.././config.cache
configure:2232: checking build system type
configure:2246: result: x86_64-pc-cygwin
configure:2266: checking host system type
configure:2279: result: i386-pc-banana
configure:2315: checking for a BSD-compatible install
configure:2383: result: /usr/bin/install -c
configure:2394: checking whether build environment is sane
configure:2444: result: yes
configure:2493: checking for i386-banana-strip
configure:2520: result: i386-banana-strip
configure:2585: checking for a thread-safe mkdir -p
configure:2624: result: /usr/bin/mkdir -p
configure:2637: checking for gawk
configure:2664: result: gawk
configure:2675: checking whether make sets $(MAKE)
configure:2697: result: yes
configure:2727: checking for style of include used by make
configure:2755: result: GNU
configure:2977: checking for gcc
configure:3004: result: i386-banana-gcc -B/cygdrive/d/Users/Alex/Desktop/Banana/libraries/build-newlib/i386-banana/newlib/ -isystem /cygdrive/d/Users/Alex/Desktop/Banana/libraries/build-newlib/i386-banana/newlib/targ-include -isystem /cygdrive/d/Users/Alex/Desktop/Banana/libraries/newlib-3.3.0/newlib/libc/include -B/cygdrive/d/Users/Alex/Desktop/Banana/libraries/build-newlib/i386-banana/libgloss/i386 -L/cygdrive/d/Users/Alex/Desktop/Banana/libraries/build-newlib/i386-banana/libgloss/libnosys -L/cygdrive/d/Users/Alex/Desktop/Banana/libraries/newlib-3.3.0/libgloss/i386   
configure:3015: checking dependency style of i386-banana-gcc -B/cygdrive/d/Users/Alex/Desktop/Banana/libraries/build-newlib/i386-banana/newlib/ -isystem /cygdrive/d/Users/Alex/Desktop/Banana/libraries/build-newlib/i386-banana/newlib/targ-include -isystem /cygdrive/d/Users/Alex/Desktop/Banana/libraries/newlib-3.3.0/newlib/libc/include -B/cygdrive/d/Users/Alex/Desktop/Banana/libraries/build-newlib/i386-banana/libgloss/i386 -L/cygdrive/d/Users/Alex/Desktop/Banana/libraries/build-newlib/i386-banana/libgloss/libnosys -L/cygdrive/d/Users/Alex/Desktop/Banana/libraries/newlib-3.3.0/libgloss/i386   
configure:3126: result: gcc3
configure:3199: checking whether we are using GNU C
configure:3210: i386-banana-gcc -B/cygdrive/d/Users/Alex/Desktop/Banana/libraries/build-newlib/i386-banana/newlib/ -isystem /cygdrive/d/Users/Alex/Desktop/Banana/libraries/build-newlib/i386-banana/newlib/targ-include -isystem /cygdrive/d/Users/Alex/Desktop/Banana/libraries/newlib-3.3.0/newlib/libc/include -B/cygdrive/d/Users/Alex/Desktop/Banana/libraries/build-newlib/i386-banana/libgloss/i386 -L/cygdrive/d/Users/Alex/Desktop/Banana/libraries/build-newlib/i386-banana/libgloss/libnosys -L/cygdrive/d/Users/Alex/Desktop/Banana/libraries/newlib-3.3.0/libgloss/i386    -E conftest.c
configure:3213: $? = 0
configure:3220: result: yes
configure:3229: checking whether i386-banana-gcc -B/cygdrive/d/Users/Alex/Desktop/Banana/libraries/build-newlib/i386-banana/newlib/ -isystem /cygdrive/d/Users/Alex/Desktop/Banana/libraries/build-newlib/i386-banana/newlib/targ-include -isystem /cygdrive/d/Users/Alex/Desktop/Banana/libraries/newlib-3.3.0/newlib/libc/include -B/cygdrive/d/Users/Alex/Desktop/Banana/libraries/build-newlib/i386-banana/libgloss/i386 -L/cygdrive/d/Users/Alex/Desktop/Banana/libraries/build-newlib/i386-banana/libgloss/libnosys -L/cygdrive/d/Users/Alex/Desktop/Banana/libraries/newlib-3.3.0/libgloss/i386    accepts -g
configure:3249: i386-banana-gcc -B/cygdrive/d/Users/Alex/Desktop/Banana/libraries/build-newlib/i386-banana/newlib/ -isystem /cygdrive/d/Users/Alex/Desktop/Banana/libraries/build-newlib/i386-banana/newlib/targ-include -isystem /cygdrive/d/Users/Alex/Desktop/Banana/libraries/newlib-3.3.0/newlib/libc/include -B/cygdrive/d/Users/Alex/Desktop/Banana/libraries/build-newlib/i386-banana/libgloss/i386 -L/cygdrive/d/Users/Alex/Desktop/Banana/libraries/build-newlib/i386-banana/libgloss/libnosys -L/cygdrive/d/Users/Alex/Desktop/Banana/libraries/newlib-3.3.0/libgloss/i386    -c -g  conftest.c >&5
configure:3249: $? = 0
configure: failed program was:
| /* confdefs.h */
| #define PACKAGE_NAME "newlib"
| #define PACKAGE_TARNAME "newlib"
| #define PACKAGE_VERSION "3.3.0"
| #define PACKAGE_STRING "newlib 3.3.0"
| #define PACKAGE_BUGREPORT ""
| #define PACKAGE_URL ""
| /* end confdefs.h.  */
| 
| int
| main ()
| {
| 
|   ;
|   return 0;
| }
configure:3264: i386-banana-gcc -B/cygdrive/d/Users/Alex/Desktop/Banana/libraries/build-newlib/i386-banana/newlib/ -isystem /cygdrive/d/Users/Alex/Desktop/Banana/libraries/build-newlib/i386-banana/newlib/targ-include -isystem /cygdrive/d/Users/Alex/Desktop/Banana/libraries/newlib-3.3.0/newlib/libc/include -B/cygdrive/d/Users/Alex/Desktop/Banana/libraries/build-newlib/i386-banana/libgloss/i386 -L/cygdrive/d/Users/Alex/Desktop/Banana/libraries/build-newlib/i386-banana/libgloss/libnosys -L/cygdrive/d/Users/Alex/Desktop/Banana/libraries/newlib-3.3.0/libgloss/i386    -c   conftest.c >&5
configure:3264: $? = 0
configure: failed program was:
| /* confdefs.h */
| #define PACKAGE_NAME "newlib"
| #define PACKAGE_TARNAME "newlib"
| #define PACKAGE_VERSION "3.3.0"
| #define PACKAGE_STRING "newlib 3.3.0"
| #define PACKAGE_BUGREPORT ""
| #define PACKAGE_URL ""
| /* end confdefs.h.  */
| 
| int
| main ()
| {
| 
|   ;
|   return 0;
| }
configure:3280: i386-banana-gcc -B/cygdrive/d/Users/Alex/Desktop/Banana/libraries/build-newlib/i386-banana/newlib/ -isystem /cygdrive/d/Users/Alex/Desktop/Banana/libraries/build-newlib/i386-banana/newlib/targ-include -isystem /cygdrive/d/Users/Alex/Desktop/Banana/libraries/newlib-3.3.0/newlib/libc/include -B/cygdrive/d/Users/Alex/Desktop/Banana/libraries/build-newlib/i386-banana/libgloss/i386 -L/cygdrive/d/Users/Alex/Desktop/Banana/libraries/build-newlib/i386-banana/libgloss/libnosys -L/cygdrive/d/Users/Alex/Desktop/Banana/libraries/newlib-3.3.0/libgloss/i386    -c -g  conftest.c >&5
configure:3280: $? = 0
configure: failed program was:
| /* confdefs.h */
| #define PACKAGE_NAME "newlib"
| #define PACKAGE_TARNAME "newlib"
| #define PACKAGE_VERSION "3.3.0"
| #define PACKAGE_STRING "newlib 3.3.0"
| #define PACKAGE_BUGREPORT ""
| #define PACKAGE_URL ""
| /* end confdefs.h.  */
| 
| int
| main ()
| {
| 
|   ;
|   return 0;
| }
configure:3290: result: no
configure:3323: checking for i386-banana-as
configure:3350: result: i386-banana-as
configure:3415: checking for i386-banana-ar
configure:3442: result: i386-banana-ar
configure:3507: checking for i386-banana-ranlib
configure:3534: result: i386-banana-ranlib
configure:3599: checking for i386-banana-readelf
configure:3626: result: i386-banana-readelf
configure:3695: checking whether to enable maintainer-specific portions of Makefiles
configure:3704: result: no
configure:3818: checking for a sed that does not truncate output
configure:3882: result: /usr/bin/sed
configure:3904: checking how to print strings
configure:3931: result: printf
configure:12051: updating cache ../.././config.cache
configure:12192: creating ./config.status

## ---------------------- ##
## Running config.status. ##
## ---------------------- ##

This file was extended by newlib config.status 3.3.0, which was
generated by GNU Autoconf 2.68.  Invocation command line was

  CONFIG_FILES    = 
  CONFIG_HEADERS  = 
  CONFIG_LINKS    = 
  CONFIG_COMMANDS = 
  $ ./config.status 

on DESKTOP-A1OO39D

config.status:1035: creating Makefile
config.status:1192: executing depfiles commands
configure:14311: === configuring in i386 (/cygdrive/d/Users/Alex/Desktop/Banana/libraries/build-newlib/i386-banana/newlib/libc/machine/i386)
configure:14374: running /bin/sh ../../../../../../newlib-3.3.0/newlib/libc/machine/i386/configure --disable-option-checking '--prefix=/usr'  '--with-newlib' '--with-cross-host=x86_64-pc-cygwin' '--enable-newlib-long-time_t' '--disable-multilib' '--program-transform-name=s&^&i386-banana-&' '--with-target-subdir=i386-banana' '--build=x86_64-pc-cygwin' '--host=i386-banana' '--target=i386-banana' 'build_alias=x86_64-pc-cygwin' 'host_alias=i386-banana' 'target_alias=i386-banana' 'CC=i386-banana-gcc -B/cygdrive/d/Users/Alex/Desktop/Banana/libraries/build-newlib/i386-banana/newlib/ -isystem /cygdrive/d/Users/Alex/Desktop/Banana/libraries/build-newlib/i386-banana/newlib/targ-include -isystem /cygdrive/d/Users/Alex/Desktop/Banana/libraries/newlib-3.3.0/newlib/libc/include -B/cygdrive/d/Users/Alex/Desktop/Banana/libraries/build-newlib/i386-banana/libgloss/i386 -L/cygdrive/d/Users/Alex/Desktop/Banana/libraries/build-newlib/i386-banana/libgloss/libnosys -L/cygdrive/d/Users/Alex/Desktop/Banana/libraries/newlib-3.3.0/libgloss/i386   ' 'CFLAGS=-g -O2' 'LDFLAGS=' 'CPPFLAGS=' --cache-file=../../.././config.cache --srcdir=../../../../../../newlib-3.3.0/newlib/libc/machine/i386

## ---------------- ##
## Cache variables. ##
## ---------------- ##

ac_cv_build=x86_64-pc-cygwin
ac_cv_c_compiler_gnu=yes
ac_cv_env_build_alias_set=set
ac_cv_env_build_alias_value=x86_64-pc-cygwin
ac_cv_env_CC_set=set
ac_cv_env_CC_value='i386-banana-gcc -B/cygdrive/d/Users/Alex/Desktop/Banana/libraries/build-newlib/i386-banana/newlib/ -isystem /cygdrive/d/Users/Alex/Desktop/Banana/libraries/build-newlib/i386-banana/newlib/targ-include -isystem /cygdrive/d/Users/Alex/Desktop/Banana/libraries/newlib-3.3.0/newlib/libc/include -B/cygdrive/d/Users/Alex/Desktop/Banana/libraries/build-newlib/i386-banana/libgloss/i386 -L/cygdrive/d/Users/Alex/Desktop/Banana/libraries/build-newlib/i386-banana/libgloss/libnosys -L/cygdrive/d/Users/Alex/Desktop/Banana/libraries/newlib-3.3.0/libgloss/i386   '
ac_cv_env_CCAS_set=
ac_cv_env_CCAS_value=
ac_cv_env_CCASFLAGS_set=
ac_cv_env_CCASFLAGS_value=
ac_cv_env_CFLAGS_set=set
ac_cv_env_CFLAGS_value='-g -O2'
ac_cv_env_CPP_set=
ac_cv_env_CPP_value=
ac_cv_env_CPPFLAGS_set=set
ac_cv_env_CPPFLAGS_value=
ac_cv_env_host_alias_set=set
ac_cv_env_host_alias_value=i386-banana
ac_cv_env_LDFLAGS_set=set
ac_cv_env_LDFLAGS_value=
ac_cv_env_LIBS_set=
ac_cv_env_LIBS_value=
ac_cv_env_target_alias_set=set
ac_cv_env_target_alias_value=i386-banana
ac_cv_host=i386-pc-banana
ac_cv_path_mkdir=/usr/bin/mkdir
ac_cv_path_SED=/usr/bin/sed
ac_cv_prog_AR=i386-banana-ar
ac_cv_prog_AS=i386-banana-as
ac_cv_prog_AWK=gawk
ac_cv_prog_cc_g=no
ac_cv_prog_CC='i386-banana-gcc -B/cygdrive/d/Users/Alex/Desktop/Banana/libraries/build-newlib/i386-banana/newlib/ -isystem /cygdrive/d/Users/Alex/Desktop/Banana/libraries/build-newlib/i386-banana/newlib/targ-include -isystem /cygdrive/d/Users/Alex/Desktop/Banana/libraries/newlib-3.3.0/newlib/libc/include -B/cygdrive/d/Users/Alex/Desktop/Banana/libraries/build-newlib/i386-banana/libgloss/i386 -L/cygdrive/d/Users/Alex/Desktop/Banana/libraries/build-newlib/i386-banana/libgloss/libnosys -L/cygdrive/d/Users/Alex/Desktop/Banana/libraries/newlib-3.3.0/libgloss/i386   '
ac_cv_prog_make_make_set=yes
ac_cv_prog_RANLIB=i386-banana-ranlib
ac_cv_prog_READELF=i386-banana-readelf
ac_cv_prog_STRIP=i386-banana-strip
am_cv_CC_dependencies_compiler_type=gcc3

## ----------------- ##
## Output variables. ##
## ----------------- ##

ac_ct_CC=''
ac_ct_DUMPBIN=''
ACLOCAL='${SHELL} /cygdrive/d/Users/Alex/Desktop/Banana/libraries/newlib-3.3.0/missing --run aclocal-1.11'
aext='a'
am__EXEEXT_FALSE=''
am__EXEEXT_TRUE='#'
am__fastdepCC_FALSE='#'
am__fastdepCC_TRUE=''
am__include='include'
am__isrc=' -I$(srcdir)'
am__leading_dot='.'
am__nodep='_no'
am__quote=''
am__tar='$${TAR-tar} chof - "$$tardir"'
am__untar='$${TAR-tar} xf -'
AMDEP_FALSE='#'
AMDEP_TRUE=''
AMDEPBACKSLASH='\'
AMTAR='$${TAR-tar}'
AR='i386-banana-ar'
AS='i386-banana-as'
AUTOCONF='${SHELL} /cygdrive/d/Users/Alex/Desktop/Banana/libraries/newlib-3.3.0/missing --run autoconf'
AUTOHEADER='${SHELL} /cygdrive/d/Users/Alex/Desktop/Banana/libraries/newlib-3.3.0/missing --run autoheader'
AUTOMAKE='${SHELL} /cygdrive/d/Users/Alex/Desktop/Banana/libraries/newlib-3.3.0/missing --run automake-1.11'
AWK='gawk'
bindir='${exec_prefix}/bin'
build_alias='x86_64-pc-cygwin'
build_cpu='x86_64'
build_os='cygwin'
build_vendor='pc'
build='x86_64-pc-cygwin'
CC='i386-banana-gcc -B/cygdrive/d/Users/Alex/Desktop/Banana/libraries/build-newlib/i386-banana/newlib/ -isystem /cygdrive/d/Users/Alex/Desktop/Banana/libraries/build-newlib/i386-banana/newlib/targ-include -isystem /cygdrive/d/Users/Alex/Desktop/Banana/libraries/newlib-3.3.0/newlib/libc/include -B/cygdrive/d/Users/Alex/Desktop/Banana/libraries/build-newlib/i386-banana/libgloss/i386 -L/cygdrive/d/Users/Alex/Desktop/Banana/libraries/build-newlib/i386-banana/libgloss/libnosys -L/cygdrive/d/Users/Alex/Desktop/Banana/libraries/newlib-3.3.0/libgloss/i386   '
CCAS='i386-banana-gcc -B/cygdrive/d/Users/Alex/Desktop/Banana/libraries/build-newlib/i386-banana/newlib/ -isystem /cygdrive/d/Users/Alex/Desktop/Banana/libraries/build-newlib/i386-banana/newlib/targ-include -isystem /cygdrive/d/Users/Alex/Desktop/Banana/libraries/newlib-3.3.0/newlib/libc/include -B/cygdrive/d/Users/Alex/Desktop/Banana/libraries/build-newlib/i386-banana/libgloss/i386 -L/cygdrive/d/Users/Alex/Desktop/Banana/libraries/build-newlib/i386-banana/libgloss/libnosys -L/cygdrive/d/Users/Alex/Desktop/Banana/libraries/newlib-3.3.0/libgloss/i386   '
CCASFLAGS='-g -O2'
CCDEPMODE='depmode=gcc3'
CFLAGS='-g -O2'
CPP=''
CPPFLAGS=''
CYGPATH_W='cygpath -w'
datadir='${datarootdir}'
datarootdir='${prefix}/share'
DEFS='-DPACKAGE_NAME=\"newlib\" -DPACKAGE_TARNAME=\"newlib\" -DPACKAGE_VERSION=\"3.3.0\" -DPACKAGE_STRING=\"newlib\ 3.3.0\" -DPACKAGE_BUGREPORT=\"\" -DPACKAGE_URL=\"\"'
DEPDIR='.deps'
DLLTOOL='i386-banana-dlltool'
docdir='${datarootdir}/doc/${PACKAGE_TARNAME}'
DSYMUTIL=''
DUMPBIN=''
dvidir='${docdir}'
ECHO_C=''
ECHO_N='-n'
ECHO_T=''
EGREP=''
ELIX_LEVEL_0_FALSE='#'
ELIX_LEVEL_0_TRUE=''
ELIX_LEVEL_1_FALSE=''
ELIX_LEVEL_1_TRUE='#'
ELIX_LEVEL_2_FALSE=''
ELIX_LEVEL_2_TRUE='#'
ELIX_LEVEL_3_FALSE=''
ELIX_LEVEL_3_TRUE='#'
ELIX_LEVEL_4_FALSE=''
ELIX_LEVEL_4_TRUE='#'
exec_prefix='${prefix}'
EXEEXT=''
FGREP=''
GREP=''
HAVE_MACHINE_DIR_FALSE='#'
HAVE_MACHINE_DIR_TRUE=''
host_alias='i386-banana'
host_cpu='i386'
host_os='banana'
host_vendor='pc'
host='i386-pc-banana'
htmldir='${docdir}'
includedir='${prefix}/include'
infodir='${datarootdir}/info'
INSTALL_DATA='/usr/bin/install -c -m 644'
INSTALL_PROGRAM='/usr/bin/install -c'
INSTALL_SCRIPT='/usr/bin/install -c'
install_sh='${SHELL} /cygdrive/d/Users/Alex/Desktop/Banana/libraries/newlib-3.3.0/install-sh'
INSTALL_STRIP_PROGRAM='$(install_sh) -c -s'
LD='i386-banana-ld'
LDFLAGS=''
libdir='${exec_prefix}/lib'
libexecdir='${exec_prefix}/libexec'
libm_machine_dir='i386'
LIBOBJS=''
LIBS=''
LIBTOOL=''
LIPO='i386-banana-lipo'
LN_S=''
localedir='${datarootdir}/locale'
localstatedir='${prefix}/var'
lpfx='lib_a-'
LTLIBOBJS=''
machine_dir='i386'
MAINT='#'
MAINTAINER_MODE_FALSE=''
MAINTAINER_MODE_TRUE='#'
MAKEINFO='makeinfo --split-size=5000000'
mandir='${datarootdir}/man'
MAY_SUPPLY_SYSCALLS_FALSE='#'
MAY_SUPPLY_SYSCALLS_TRUE=''
MKDIR_P='/usr/bin/mkdir -p'
mkdir_p='/usr/bin/mkdir -p'
newlib_basedir='../../../../../newlib-3.3.0/newlib/libc/machine/../..'
NEWLIB_CFLAGS=' -fno-builtin -DMISSING_SYSCALL_NAMES -DHAVE_INIT_FINI'
NM='i386-banana-nm'
NMEDIT=''
NO_INCLUDE_LIST=' rpc/types.h rpc/xdr.h'
OBJDUMP='i386-banana-objdump'
OBJEXT='o'
oext='o'
oldincludedir='/usr/include'
OTOOL=''
OTOOL64=''
PACKAGE_BUGREPORT=''
PACKAGE_NAME='newlib'
PACKAGE_STRING='newlib 3.3.0'
PACKAGE_TARNAME='newlib'
PACKAGE_URL=''
PACKAGE_VERSION='3.3.0'
PACKAGE='newlib'
PATH_SEPARATOR=':'
pdfdir='${docdir}'
prefix='/usr'
program_transform_name='s&^&i386-banana-&'
psdir='${docdir}'
RANLIB='i386-banana-ranlib'
READELF='i386-banana-readelf'
sbindir='${exec_prefix}/sbin'
SED='/usr/bin/sed'
SET_MAKE=''
sharedstatedir='${prefix}/com'
SHELL='/bin/sh'
STRIP='i386-banana-strip'
subdirs=' i386'
sys_dir='banana'
sysconfdir='${prefix}/etc'
target_alias='i386-banana'
USE_LIBTOOL_FALSE=''
USE_LIBTOOL_TRUE='#'
VERSION='3.3.0'

## ----------- ##
## confdefs.h. ##
## ----------- ##

/* confdefs.h */
#define PACKAGE_NAME "newlib"
#define PACKAGE_TARNAME "newlib"
#define PACKAGE_VERSION "3.3.0"
#define PACKAGE_STRING "newlib 3.3.0"
#define PACKAGE_BUGREPORT ""
#define PACKAGE_URL ""

configure: exit 0
