  i386-banana-as  Resclink.s -o _R32.o
  i386-banana-gcc -std=c11 -s -Wl,-Map=app32.map -Os  *.c -Wl,_R32.o -o "D:/Users/Alex/Desktop/Banana/packages/system/32/0001/command.exe" -lm
  Main.c: In function 'getPossibleExecutableName':
Main.c(157,3): warning G14B797B8: implicit declaration of function 'strsep'; did you mean 'strstr'? [-Wimplicit-function-declaration]
     strsep(&end, ";");
     ^~~~~~
     strstr
  Main.c: In function 'parse':
Main.c(508,7): warning G14B797B8: implicit declaration of function 'strcasecmp'; did you mean 'strncmp'? [-Wimplicit-function-declaration]
    if (!strcasecmp(argv[0], "call")) {
         ^~~~~~~~~~
         strncmp
Main.c(952,21): warning G14B797B8: implicit declaration of function 'fileno'; did you mean 'mblen'? [-Wimplicit-function-declaration]
     char* x = ttyname(fileno(stdout));
                       ^~~~~~
                       mblen
Main.c(1073,57): warning G1588B38F: passing argument 3 of 'SystemCall' makes integer from pointer without a cast [-Wint-conversion]
     int res = SystemCall(GetDiskVolumeLabel, drive - 'A', &serial, labelbuf);
                                                           ^~~~~~~
  Main.c:1069:46: note: expected 'size_t' {aka 'long unsigned int'} but argument is of type 'uint32_t *' {aka 'unsigned int *'}
     extern uint64_t SystemCall(size_t, size_t, size_t, size_t);
                                                ^~~~~~
Main.c(1073,66): warning G15A7B38F: passing argument 4 of 'SystemCall' makes integer from pointer without a cast [-Wint-conversion]
     int res = SystemCall(GetDiskVolumeLabel, drive - 'A', &serial, labelbuf);
                                                                    ^~~~~~~~
  Main.c:1069:54: note: expected 'size_t' {aka 'long unsigned int'} but argument is of type 'char *'
     extern uint64_t SystemCall(size_t, size_t, size_t, size_t);
                                                        ^~~~~~
